2019-12-31 23:14:53 INFO  BankMain:605 - ---------------------------------
2019-12-31 23:14:53 INFO  BankMain:60 - Please enter your username or 'quit' to exit the application: 
2019-12-31 23:14:56 INFO  BankMain:68 - Please enter your password or 'quit' to exit the application: 
2019-12-31 23:14:57 INFO  BankMain:71 - Welcome, tee
2019-12-31 23:14:57 INFO  BankMain:40 - User Options: 
2019-12-31 23:14:57 INFO  BankMain:47 - 	1. Customer options
2019-12-31 23:14:57 INFO  BankMain:51 - 	2. Employee options
2019-12-31 23:14:57 INFO  BankMain:54 - 	3. Quit
2019-12-31 23:14:58 INFO  BankMain:30 - Customer options:
2019-12-31 23:14:58 INFO  BankMain:31 - 	1. Apply for a new account
2019-12-31 23:14:58 INFO  BankMain:32 - 	2. View an account's balance
2019-12-31 23:14:58 INFO  BankMain:33 - 	3. Withdraw from an account
2019-12-31 23:14:58 INFO  BankMain:34 - 	4. Deposit to an account
2019-12-31 23:14:58 INFO  BankMain:35 - 	5. Transfer center
2019-12-31 23:14:58 INFO  BankMain:36 - 	6. Back to user options
2019-12-31 23:15:00 INFO  BankMain:112 - Transfer options: 
2019-12-31 23:15:00 INFO  BankMain:113 - 	1. Post a transfer to another account
2019-12-31 23:15:00 INFO  BankMain:114 - 	2. View and approve incoming transfers
2019-12-31 23:15:00 INFO  BankMain:115 - 	3. Return to customer options
2019-12-31 23:15:01 INFO  BankMain:161 - Displaying all pending transfers to your accounts: 
2019-12-31 23:15:01 INFO  BankMain:162 - 	Transfer ID	Transfer Amount		Transferring User
2019-12-31 23:15:01 INFO  BankMain:164 - 	1003	10	tee
2019-12-31 23:15:01 INFO  BankMain:166 - 
Please enter the ID of the transfer you wish to accept or reject, or type 'quit' to return to transfer options: 
2019-12-31 23:15:43 INFO  BankMain:604 - Welcome to the Banking App
2019-12-31 23:15:43 INFO  BankMain:605 - ---------------------------------
2019-12-31 23:15:43 INFO  BankMain:60 - Please enter your username or 'quit' to exit the application: 
2019-12-31 23:15:46 INFO  BankMain:68 - Please enter your password or 'quit' to exit the application: 
2019-12-31 23:15:47 INFO  BankMain:71 - Welcome, tee
2019-12-31 23:15:47 INFO  BankMain:40 - User Options: 
2019-12-31 23:15:47 INFO  BankMain:47 - 	1. Customer options
2019-12-31 23:15:47 INFO  BankMain:51 - 	2. Employee options
2019-12-31 23:15:47 INFO  BankMain:54 - 	3. Quit
2019-12-31 23:16:02 INFO  BankMain:30 - Customer options:
2019-12-31 23:16:02 INFO  BankMain:31 - 	1. Apply for a new account
2019-12-31 23:16:02 INFO  BankMain:32 - 	2. View an account's balance
2019-12-31 23:16:02 INFO  BankMain:33 - 	3. Withdraw from an account
2019-12-31 23:16:02 INFO  BankMain:34 - 	4. Deposit to an account
2019-12-31 23:16:02 INFO  BankMain:35 - 	5. Transfer center
2019-12-31 23:16:02 INFO  BankMain:36 - 	6. Back to user options
2019-12-31 23:16:04 INFO  BankMain:112 - Transfer options: 
2019-12-31 23:16:04 INFO  BankMain:113 - 	1. Post a transfer to another account
2019-12-31 23:16:04 INFO  BankMain:114 - 	2. View and approve incoming transfers
2019-12-31 23:16:04 INFO  BankMain:115 - 	3. Return to customer options
2019-12-31 23:16:04 ERROR BankMain:208 - There are no pending offers for you.
2019-12-31 23:16:04 INFO  BankMain:219 - Returning to transfer options.
2019-12-31 23:16:04 INFO  BankMain:112 - Transfer options: 
2019-12-31 23:16:04 INFO  BankMain:113 - 	1. Post a transfer to another account
2019-12-31 23:16:04 INFO  BankMain:114 - 	2. View and approve incoming transfers
2019-12-31 23:16:04 INFO  BankMain:115 - 	3. Return to customer options
2019-12-31 23:16:09 INFO  BankMain:89 - Please enter the ID of the account you wish to transfer from or type 'quit' to return to transfer options: 
2019-12-31 23:16:09 INFO  BankMain:91 - 	1006: callable
2019-12-31 23:16:09 INFO  BankMain:91 - 	1005: new
2019-12-31 23:16:09 INFO  BankMain:91 - 	1004: test
2019-12-31 23:16:09 INFO  BankMain:91 - 	1002: please
2019-12-31 23:16:09 INFO  BankMain:91 - 	1000: test
2019-12-31 23:16:14 INFO  BankMain:125 - 
Please enter the ID of the account you wish to transfer to or 'quit' to return to transfer options: 
2019-12-31 23:16:14 INFO  BankMain:127 - 	1007: transfertest	User ID: 1000
2019-12-31 23:16:14 INFO  BankMain:127 - 	1006: callable	User ID: 1
2019-12-31 23:16:14 INFO  BankMain:127 - 	1005: new	User ID: 1
2019-12-31 23:16:14 INFO  BankMain:127 - 	1004: test	User ID: 1
2019-12-31 23:16:14 INFO  BankMain:127 - 	1002: please	User ID: 1
2019-12-31 23:16:14 INFO  BankMain:127 - 	1000: test	User ID: 1
2019-12-31 23:16:24 INFO  BankMain:136 - Please enter the amount you wish to transfer from Account 1005 to Account 1000: 
2019-12-31 23:16:24 INFO  BankMain:137 - Account 1005 balance: 430
2019-12-31 23:16:28 INFO  BankMain:140 - Transfer posted and sent to customer 1 for approval.
2019-12-31 23:16:28 INFO  BankMain:219 - Returning to transfer options.
2019-12-31 23:16:28 INFO  BankMain:112 - Transfer options: 
2019-12-31 23:16:28 INFO  BankMain:113 - 	1. Post a transfer to another account
2019-12-31 23:16:28 INFO  BankMain:114 - 	2. View and approve incoming transfers
2019-12-31 23:16:28 INFO  BankMain:115 - 	3. Return to customer options
2019-12-31 23:16:33 INFO  BankMain:161 - Displaying all pending transfers to your accounts: 
2019-12-31 23:16:33 INFO  BankMain:162 - 	Transfer ID	Transfer Amount		Transferring User
2019-12-31 23:16:33 INFO  BankMain:164 - 	1005	10	tee
2019-12-31 23:16:33 INFO  BankMain:166 - 
Please enter the ID of the transfer you wish to accept or reject, or type 'quit' to return to transfer options: 
2019-12-31 23:16:36 INFO  BankMain:171 - Would you like to accept or reject Transfer 1005?
2019-12-31 23:16:36 INFO  BankMain:172 - 	ID: 1005
2019-12-31 23:16:36 INFO  BankMain:173 - 	Amount: 10
2019-12-31 23:16:36 INFO  BankMain:174 - 	Transferring User: tee
2019-12-31 23:16:36 INFO  BankMain:175 - Please type 'accept', 'reject' or 'back' to return to the transfer list.
2019-12-31 23:21:09 INFO  BankMain:604 - Welcome to the Banking App
2019-12-31 23:21:09 INFO  BankMain:605 - ---------------------------------
2019-12-31 23:21:09 INFO  BankMain:60 - Please enter your username or 'quit' to exit the application: 
2019-12-31 23:21:11 INFO  BankMain:68 - Please enter your password or 'quit' to exit the application: 
2019-12-31 23:21:12 INFO  BankMain:71 - Welcome, tee
2019-12-31 23:21:12 INFO  BankMain:40 - User Options: 
2019-12-31 23:21:12 INFO  BankMain:47 - 	1. Customer options
2019-12-31 23:21:12 INFO  BankMain:51 - 	2. Employee options
2019-12-31 23:21:12 INFO  BankMain:54 - 	3. Quit
2019-12-31 23:21:13 INFO  BankMain:30 - Customer options:
2019-12-31 23:21:13 INFO  BankMain:31 - 	1. Apply for a new account
2019-12-31 23:21:13 INFO  BankMain:32 - 	2. View an account's balance
2019-12-31 23:21:13 INFO  BankMain:33 - 	3. Withdraw from an account
2019-12-31 23:21:13 INFO  BankMain:34 - 	4. Deposit to an account
2019-12-31 23:21:13 INFO  BankMain:35 - 	5. Transfer center
2019-12-31 23:21:13 INFO  BankMain:36 - 	6. Back to user options
2019-12-31 23:21:15 INFO  BankMain:112 - Transfer options: 
2019-12-31 23:21:15 INFO  BankMain:113 - 	1. Post a transfer to another account
2019-12-31 23:21:15 INFO  BankMain:114 - 	2. View and approve incoming transfers
2019-12-31 23:21:15 INFO  BankMain:115 - 	3. Return to customer options
2019-12-31 23:21:17 INFO  BankMain:161 - Displaying all pending transfers to your accounts: 
2019-12-31 23:21:17 INFO  BankMain:162 - 	Transfer ID	Transfer Amount		Transferring User
2019-12-31 23:21:17 INFO  BankMain:164 - 	1005	10	tee
2019-12-31 23:21:17 INFO  BankMain:166 - 
Please enter the ID of the transfer you wish to accept or reject, or type 'quit' to return to transfer options: 
2019-12-31 23:21:19 INFO  BankMain:171 - Would you like to accept or reject Transfer 1005?
2019-12-31 23:21:19 INFO  BankMain:172 - 	ID: 1005
2019-12-31 23:21:19 INFO  BankMain:173 - 	Amount: 10
2019-12-31 23:21:19 INFO  BankMain:174 - 	Transferring User: tee
2019-12-31 23:21:19 INFO  BankMain:175 - Please type 'accept', 'reject' or 'back' to return to the transfer list.
2019-12-31 23:21:22 INFO  BankMain:183 - Transfer accepted!
2019-12-31 23:21:22 INFO  BankMain:219 - Returning to transfer options.
2019-12-31 23:21:22 INFO  BankMain:112 - Transfer options: 
2019-12-31 23:21:22 INFO  BankMain:113 - 	1. Post a transfer to another account
2019-12-31 23:21:22 INFO  BankMain:114 - 	2. View and approve incoming transfers
2019-12-31 23:21:22 INFO  BankMain:115 - 	3. Return to customer options
2019-12-31 23:21:24 ERROR BankMain:208 - There are no pending offers for you.
2019-12-31 23:21:24 INFO  BankMain:219 - Returning to transfer options.
2019-12-31 23:21:24 INFO  BankMain:112 - Transfer options: 
2019-12-31 23:21:24 INFO  BankMain:113 - 	1. Post a transfer to another account
2019-12-31 23:21:24 INFO  BankMain:114 - 	2. View and approve incoming transfers
2019-12-31 23:21:24 INFO  BankMain:115 - 	3. Return to customer options
2019-12-31 23:21:27 INFO  BankMain:89 - Please enter the ID of the account you wish to transfer from or type 'quit' to return to transfer options: 
2019-12-31 23:21:27 INFO  BankMain:91 - 	1006: callable
2019-12-31 23:21:27 INFO  BankMain:91 - 	1005: new
2019-12-31 23:21:27 INFO  BankMain:91 - 	1004: test
2019-12-31 23:21:27 INFO  BankMain:91 - 	1002: please
2019-12-31 23:21:27 INFO  BankMain:91 - 	1000: test
2019-12-31 23:21:33 INFO  BankMain:125 - 
Please enter the ID of the account you wish to transfer to or 'quit' to return to transfer options: 
2019-12-31 23:21:33 INFO  BankMain:127 - 	1007: transfertest	User ID: 1000
2019-12-31 23:21:33 INFO  BankMain:127 - 	1006: callable	User ID: 1
2019-12-31 23:21:33 INFO  BankMain:127 - 	1005: new	User ID: 1
2019-12-31 23:21:33 INFO  BankMain:127 - 	1004: test	User ID: 1
2019-12-31 23:21:33 INFO  BankMain:127 - 	1002: please	User ID: 1
2019-12-31 23:21:33 INFO  BankMain:127 - 	1000: test	User ID: 1
2019-12-31 23:21:39 INFO  BankMain:136 - Please enter the amount you wish to transfer from Account 1000 to Account 1002: 
2019-12-31 23:21:39 INFO  BankMain:137 - Account 1000 balance: 80
2019-12-31 23:21:42 INFO  BankMain:140 - Transfer posted and sent to customer 1 for approval.
2019-12-31 23:21:42 INFO  BankMain:219 - Returning to transfer options.
2019-12-31 23:21:42 INFO  BankMain:112 - Transfer options: 
2019-12-31 23:21:42 INFO  BankMain:113 - 	1. Post a transfer to another account
2019-12-31 23:21:42 INFO  BankMain:114 - 	2. View and approve incoming transfers
2019-12-31 23:21:42 INFO  BankMain:115 - 	3. Return to customer options
2019-12-31 23:21:45 INFO  BankMain:161 - Displaying all pending transfers to your accounts: 
2019-12-31 23:21:45 INFO  BankMain:162 - 	Transfer ID	Transfer Amount		Transferring User
2019-12-31 23:21:45 INFO  BankMain:164 - 	1006	30	tee
2019-12-31 23:21:45 INFO  BankMain:166 - 
Please enter the ID of the transfer you wish to accept or reject, or type 'quit' to return to transfer options: 
2019-12-31 23:21:47 INFO  BankMain:171 - Would you like to accept or reject Transfer 1006?
2019-12-31 23:21:47 INFO  BankMain:172 - 	ID: 1006
2019-12-31 23:21:47 INFO  BankMain:173 - 	Amount: 30
2019-12-31 23:21:47 INFO  BankMain:174 - 	Transferring User: tee
2019-12-31 23:21:47 INFO  BankMain:175 - Please type 'accept', 'reject' or 'back' to return to the transfer list.
2019-12-31 23:21:50 INFO  BankMain:183 - Transfer accepted!
2019-12-31 23:21:50 INFO  BankMain:219 - Returning to transfer options.
2019-12-31 23:21:50 INFO  BankMain:112 - Transfer options: 
2019-12-31 23:21:50 INFO  BankMain:113 - 	1. Post a transfer to another account
2019-12-31 23:21:50 INFO  BankMain:114 - 	2. View and approve incoming transfers
2019-12-31 23:21:50 INFO  BankMain:115 - 	3. Return to customer options
2019-12-31 23:22:12 INFO  BankMain:89 - Please enter the ID of the account you wish to transfer from or type 'quit' to return to transfer options: 
2019-12-31 23:22:12 INFO  BankMain:91 - 	1006: callable
2019-12-31 23:22:12 INFO  BankMain:91 - 	1005: new
2019-12-31 23:22:12 INFO  BankMain:91 - 	1004: test
2019-12-31 23:22:12 INFO  BankMain:91 - 	1002: please
2019-12-31 23:22:12 INFO  BankMain:91 - 	1000: test
2019-12-31 23:22:16 INFO  BankMain:125 - 
Please enter the ID of the account you wish to transfer to or 'quit' to return to transfer options: 
2019-12-31 23:22:16 INFO  BankMain:127 - 	1007: transfertest	User ID: 1000
2019-12-31 23:22:16 INFO  BankMain:127 - 	1006: callable	User ID: 1
2019-12-31 23:22:16 INFO  BankMain:127 - 	1005: new	User ID: 1
2019-12-31 23:22:16 INFO  BankMain:127 - 	1004: test	User ID: 1
2019-12-31 23:22:16 INFO  BankMain:127 - 	1002: please	User ID: 1
2019-12-31 23:22:16 INFO  BankMain:127 - 	1000: test	User ID: 1
2019-12-31 23:22:21 INFO  BankMain:136 - Please enter the amount you wish to transfer from Account 1006 to Account 1004: 
2019-12-31 23:22:21 INFO  BankMain:137 - Account 1006 balance: 419
2019-12-31 23:22:24 INFO  BankMain:140 - Transfer posted and sent to customer 1 for approval.
2019-12-31 23:22:24 INFO  BankMain:219 - Returning to transfer options.
2019-12-31 23:22:24 INFO  BankMain:112 - Transfer options: 
2019-12-31 23:22:24 INFO  BankMain:113 - 	1. Post a transfer to another account
2019-12-31 23:22:24 INFO  BankMain:114 - 	2. View and approve incoming transfers
2019-12-31 23:22:24 INFO  BankMain:115 - 	3. Return to customer options
2019-12-31 23:22:27 INFO  BankMain:161 - Displaying all pending transfers to your accounts: 
2019-12-31 23:22:27 INFO  BankMain:162 - 	Transfer ID	Transfer Amount		Transferring User
2019-12-31 23:22:27 INFO  BankMain:164 - 	1007	1	tee
2019-12-31 23:22:27 INFO  BankMain:166 - 
Please enter the ID of the transfer you wish to accept or reject, or type 'quit' to return to transfer options: 
2019-12-31 23:22:31 INFO  BankMain:171 - Would you like to accept or reject Transfer 1007?
2019-12-31 23:22:31 INFO  BankMain:172 - 	ID: 1007
2019-12-31 23:22:31 INFO  BankMain:173 - 	Amount: 1
2019-12-31 23:22:31 INFO  BankMain:174 - 	Transferring User: tee
2019-12-31 23:22:31 INFO  BankMain:175 - Please type 'accept', 'reject' or 'back' to return to the transfer list.
2019-12-31 23:22:33 INFO  BankMain:192 - Transfer rejected! Returning to transfer options.
2019-12-31 23:22:33 INFO  BankMain:219 - Returning to transfer options.
2019-12-31 23:22:33 INFO  BankMain:112 - Transfer options: 
2019-12-31 23:22:33 INFO  BankMain:113 - 	1. Post a transfer to another account
2019-12-31 23:22:33 INFO  BankMain:114 - 	2. View and approve incoming transfers
2019-12-31 23:22:33 INFO  BankMain:115 - 	3. Return to customer options
2019-12-31 23:22:35 ERROR BankMain:208 - There are no pending offers for you.
2019-12-31 23:22:35 INFO  BankMain:219 - Returning to transfer options.
2019-12-31 23:22:35 INFO  BankMain:112 - Transfer options: 
2019-12-31 23:22:35 INFO  BankMain:113 - 	1. Post a transfer to another account
2019-12-31 23:22:35 INFO  BankMain:114 - 	2. View and approve incoming transfers
2019-12-31 23:22:35 INFO  BankMain:115 - 	3. Return to customer options
2019-12-31 23:22:37 INFO  BankMain:212 - Returning to customer options.

2019-12-31 23:22:37 INFO  BankMain:424 - Returning to customer options
2019-12-31 23:22:37 INFO  BankMain:30 - Customer options:
2019-12-31 23:22:37 INFO  BankMain:31 - 	1. Apply for a new account
2019-12-31 23:22:37 INFO  BankMain:32 - 	2. View an account's balance
2019-12-31 23:22:37 INFO  BankMain:33 - 	3. Withdraw from an account
2019-12-31 23:22:37 INFO  BankMain:34 - 	4. Deposit to an account
2019-12-31 23:22:37 INFO  BankMain:35 - 	5. Transfer center
2019-12-31 23:22:37 INFO  BankMain:36 - 	6. Back to user options
2019-12-31 23:22:38 INFO  BankMain:415 - Returning to user options
2019-12-31 23:22:38 INFO  BankMain:40 - User Options: 
2019-12-31 23:22:38 INFO  BankMain:47 - 	1. Customer options
2019-12-31 23:22:38 INFO  BankMain:51 - 	2. Employee options
2019-12-31 23:22:38 INFO  BankMain:54 - 	3. Quit
2019-12-31 23:22:39 INFO  BankMain:614 - Thank you for using Banking App. Please come again soon.
2020-01-01 09:12:03 INFO  BankMain:604 - Welcome to the Banking App
2020-01-01 09:12:03 INFO  BankMain:605 - ---------------------------------
2020-01-01 09:12:03 INFO  BankMain:60 - Please enter your username or 'quit' to exit the application: 
2020-01-01 09:12:08 INFO  BankMain:68 - Please enter your password or 'quit' to exit the application: 
2020-01-01 09:12:10 INFO  BankMain:71 - Welcome, tee
2020-01-01 09:12:10 INFO  BankMain:40 - User Options: 
2020-01-01 09:12:10 INFO  BankMain:47 - 	1. Customer options
2020-01-01 09:12:10 INFO  BankMain:51 - 	2. Employee options
2020-01-01 09:12:10 INFO  BankMain:54 - 	3. Quit
2020-01-01 09:12:16 INFO  BankMain:30 - Customer options:
2020-01-01 09:12:16 INFO  BankMain:31 - 	1. Apply for a new account
2020-01-01 09:12:16 INFO  BankMain:32 - 	2. View an account's balance
2020-01-01 09:12:16 INFO  BankMain:33 - 	3. Withdraw from an account
2020-01-01 09:12:16 INFO  BankMain:34 - 	4. Deposit to an account
2020-01-01 09:12:16 INFO  BankMain:35 - 	5. Transfer center
2020-01-01 09:12:16 INFO  BankMain:36 - 	6. Back to user options
2020-01-01 09:12:17 INFO  BankMain:230 - Please enter the name of your new account or 'quit' to return to customer options: 
2020-01-01 09:12:24 INFO  BankMain:234 - Please enter the starting balance of the account or 'quit' to return to customer options: 
2020-01-01 09:12:27 INFO  BankMain:246 - Account has been sent for approval by an employee.

2020-01-01 09:12:27 INFO  BankMain:424 - Returning to customer options
2020-01-01 09:12:27 INFO  BankMain:30 - Customer options:
2020-01-01 09:12:27 INFO  BankMain:31 - 	1. Apply for a new account
2020-01-01 09:12:27 INFO  BankMain:32 - 	2. View an account's balance
2020-01-01 09:12:27 INFO  BankMain:33 - 	3. Withdraw from an account
2020-01-01 09:12:27 INFO  BankMain:34 - 	4. Deposit to an account
2020-01-01 09:12:27 INFO  BankMain:35 - 	5. Transfer center
2020-01-01 09:12:27 INFO  BankMain:36 - 	6. Back to user options
2020-01-01 09:12:29 INFO  BankMain:89 - Please enter the ID of the account you wish to view or type 'quit' to return to customer options: 
2020-01-01 09:12:29 INFO  BankMain:91 - 	1006: callable
2020-01-01 09:12:29 INFO  BankMain:91 - 	1005: new
2020-01-01 09:12:29 INFO  BankMain:91 - 	1004: test
2020-01-01 09:12:29 INFO  BankMain:91 - 	1002: please
2020-01-01 09:12:29 INFO  BankMain:91 - 	1000: test
2020-01-01 09:12:31 INFO  BankMain:276 - Account 1006 with name callable has a balance of 419

2020-01-01 09:12:31 INFO  BankMain:424 - Returning to customer options
2020-01-01 09:12:31 INFO  BankMain:30 - Customer options:
2020-01-01 09:12:31 INFO  BankMain:31 - 	1. Apply for a new account
2020-01-01 09:12:31 INFO  BankMain:32 - 	2. View an account's balance
2020-01-01 09:12:31 INFO  BankMain:33 - 	3. Withdraw from an account
2020-01-01 09:12:31 INFO  BankMain:34 - 	4. Deposit to an account
2020-01-01 09:12:31 INFO  BankMain:35 - 	5. Transfer center
2020-01-01 09:12:31 INFO  BankMain:36 - 	6. Back to user options
2020-01-01 09:12:35 INFO  BankMain:89 - Please enter the ID of the account you wish to withdraw from or type 'quit' to return to customer options: 
2020-01-01 09:12:35 INFO  BankMain:91 - 	1006: callable
2020-01-01 09:12:35 INFO  BankMain:91 - 	1005: new
2020-01-01 09:12:35 INFO  BankMain:91 - 	1004: test
2020-01-01 09:12:35 INFO  BankMain:91 - 	1002: please
2020-01-01 09:12:35 INFO  BankMain:91 - 	1000: test
2020-01-01 09:12:36 INFO  BankMain:285 - Please enter the amount you wish to withdraw from this account or 'quit' to return to customer options: 
2020-01-01 09:12:36 INFO  BankMain:286 - Current balance: 419
2020-01-01 09:12:38 INFO  BankMain:296 - Withdrawal complete! Account 1006 now has a balance of 410

2020-01-01 09:12:38 INFO  BankMain:424 - Returning to customer options
2020-01-01 09:12:38 INFO  BankMain:30 - Customer options:
2020-01-01 09:12:38 INFO  BankMain:31 - 	1. Apply for a new account
2020-01-01 09:12:38 INFO  BankMain:32 - 	2. View an account's balance
2020-01-01 09:12:38 INFO  BankMain:33 - 	3. Withdraw from an account
2020-01-01 09:12:38 INFO  BankMain:34 - 	4. Deposit to an account
2020-01-01 09:12:38 INFO  BankMain:35 - 	5. Transfer center
2020-01-01 09:12:38 INFO  BankMain:36 - 	6. Back to user options
2020-01-01 09:12:40 INFO  BankMain:89 - Please enter the ID of the account you wish to deposit to or type 'quit' to return to customer options: 
2020-01-01 09:12:40 INFO  BankMain:91 - 	1006: callable
2020-01-01 09:12:40 INFO  BankMain:91 - 	1005: new
2020-01-01 09:12:40 INFO  BankMain:91 - 	1004: test
2020-01-01 09:12:40 INFO  BankMain:91 - 	1002: please
2020-01-01 09:12:40 INFO  BankMain:91 - 	1000: test
2020-01-01 09:12:42 INFO  BankMain:349 - Please enter the amount you wish to deposit to this account or 'quit' to return to customer options: 
2020-01-01 09:12:42 INFO  BankMain:350 - Current balance: 410
2020-01-01 09:12:44 INFO  BankMain:360 - Deposit complete! Account 1006 now has a balance of 419

2020-01-01 09:12:44 INFO  BankMain:424 - Returning to customer options
2020-01-01 09:12:44 INFO  BankMain:30 - Customer options:
2020-01-01 09:12:44 INFO  BankMain:31 - 	1. Apply for a new account
2020-01-01 09:12:44 INFO  BankMain:32 - 	2. View an account's balance
2020-01-01 09:12:44 INFO  BankMain:33 - 	3. Withdraw from an account
2020-01-01 09:12:44 INFO  BankMain:34 - 	4. Deposit to an account
2020-01-01 09:12:44 INFO  BankMain:35 - 	5. Transfer center
2020-01-01 09:12:44 INFO  BankMain:36 - 	6. Back to user options
2020-01-01 09:12:47 INFO  BankMain:112 - Transfer options: 
2020-01-01 09:12:47 INFO  BankMain:113 - 	1. Post a transfer to another account
2020-01-01 09:12:47 INFO  BankMain:114 - 	2. View and approve incoming transfers
2020-01-01 09:12:47 INFO  BankMain:115 - 	3. Return to customer options
2020-01-01 09:12:49 INFO  BankMain:89 - Please enter the ID of the account you wish to transfer from or type 'quit' to return to transfer options: 
2020-01-01 09:12:49 INFO  BankMain:91 - 	1006: callable
2020-01-01 09:12:49 INFO  BankMain:91 - 	1005: new
2020-01-01 09:12:49 INFO  BankMain:91 - 	1004: test
2020-01-01 09:12:49 INFO  BankMain:91 - 	1002: please
2020-01-01 09:12:49 INFO  BankMain:91 - 	1000: test
2020-01-01 09:12:52 INFO  BankMain:125 - 
Please enter the ID of the account you wish to transfer to or 'quit' to return to transfer options: 
2020-01-01 09:12:52 INFO  BankMain:127 - 	1007: transfertest	User ID: 1000
2020-01-01 09:12:52 INFO  BankMain:127 - 	1006: callable	User ID: 1
2020-01-01 09:12:52 INFO  BankMain:127 - 	1005: new	User ID: 1
2020-01-01 09:12:52 INFO  BankMain:127 - 	1004: test	User ID: 1
2020-01-01 09:12:52 INFO  BankMain:127 - 	1002: please	User ID: 1
2020-01-01 09:12:52 INFO  BankMain:127 - 	1000: test	User ID: 1
2020-01-01 09:12:59 INFO  BankMain:136 - Please enter the amount you wish to transfer from Account 1006 to Account 1000: 
2020-01-01 09:12:59 INFO  BankMain:137 - Account 1006 balance: 419
2020-01-01 09:13:02 INFO  BankMain:140 - Transfer posted and sent to customer 1 for approval.
2020-01-01 09:13:02 INFO  BankMain:219 - Returning to transfer options.
2020-01-01 09:13:02 INFO  BankMain:112 - Transfer options: 
2020-01-01 09:13:02 INFO  BankMain:113 - 	1. Post a transfer to another account
2020-01-01 09:13:02 INFO  BankMain:114 - 	2. View and approve incoming transfers
2020-01-01 09:13:02 INFO  BankMain:115 - 	3. Return to customer options
2020-01-01 09:13:07 INFO  BankMain:161 - Displaying all pending transfers to your accounts: 
2020-01-01 09:13:07 INFO  BankMain:162 - 	Transfer ID	Transfer Amount		Transferring User
2020-01-01 09:13:07 INFO  BankMain:164 - 	1008	9	tee
2020-01-01 09:13:07 INFO  BankMain:166 - 
Please enter the ID of the transfer you wish to accept or reject, or type 'quit' to return to transfer options: 
2020-01-01 09:13:10 INFO  BankMain:171 - Would you like to accept or reject Transfer 1008?
2020-01-01 09:13:10 INFO  BankMain:172 - 	ID: 1008
2020-01-01 09:13:10 INFO  BankMain:173 - 	Amount: 9
2020-01-01 09:13:10 INFO  BankMain:174 - 	Transferring User: tee
2020-01-01 09:13:10 INFO  BankMain:175 - Please type 'accept', 'reject' or 'back' to return to the transfer list.
2020-01-01 09:13:12 INFO  BankMain:183 - Transfer accepted!
2020-01-01 09:13:12 INFO  BankMain:219 - Returning to transfer options.
2020-01-01 09:13:12 INFO  BankMain:112 - Transfer options: 
2020-01-01 09:13:12 INFO  BankMain:113 - 	1. Post a transfer to another account
2020-01-01 09:13:12 INFO  BankMain:114 - 	2. View and approve incoming transfers
2020-01-01 09:13:12 INFO  BankMain:115 - 	3. Return to customer options
2020-01-01 09:13:18 INFO  BankMain:89 - Please enter the ID of the account you wish to transfer from or type 'quit' to return to transfer options: 
2020-01-01 09:13:18 INFO  BankMain:91 - 	1006: callable
2020-01-01 09:13:18 INFO  BankMain:91 - 	1005: new
2020-01-01 09:13:18 INFO  BankMain:91 - 	1004: test
2020-01-01 09:13:18 INFO  BankMain:91 - 	1002: please
2020-01-01 09:13:18 INFO  BankMain:91 - 	1000: test
2020-01-01 09:13:21 INFO  BankMain:125 - 
Please enter the ID of the account you wish to transfer to or 'quit' to return to transfer options: 
2020-01-01 09:13:21 INFO  BankMain:127 - 	1007: transfertest	User ID: 1000
2020-01-01 09:13:21 INFO  BankMain:127 - 	1006: callable	User ID: 1
2020-01-01 09:13:21 INFO  BankMain:127 - 	1005: new	User ID: 1
2020-01-01 09:13:21 INFO  BankMain:127 - 	1004: test	User ID: 1
2020-01-01 09:13:21 INFO  BankMain:127 - 	1002: please	User ID: 1
2020-01-01 09:13:21 INFO  BankMain:127 - 	1000: test	User ID: 1
2020-01-01 09:13:24 INFO  BankMain:136 - Please enter the amount you wish to transfer from Account 1000 to Account 1006: 
2020-01-01 09:13:24 INFO  BankMain:137 - Account 1000 balance: 59
2020-01-01 09:13:26 INFO  BankMain:140 - Transfer posted and sent to customer 1 for approval.
2020-01-01 09:13:26 INFO  BankMain:219 - Returning to transfer options.
2020-01-01 09:13:26 INFO  BankMain:112 - Transfer options: 
2020-01-01 09:13:26 INFO  BankMain:113 - 	1. Post a transfer to another account
2020-01-01 09:13:26 INFO  BankMain:114 - 	2. View and approve incoming transfers
2020-01-01 09:13:26 INFO  BankMain:115 - 	3. Return to customer options
2020-01-01 09:13:28 INFO  BankMain:161 - Displaying all pending transfers to your accounts: 
2020-01-01 09:13:28 INFO  BankMain:162 - 	Transfer ID	Transfer Amount		Transferring User
2020-01-01 09:13:28 INFO  BankMain:164 - 	1009	9	tee
2020-01-01 09:13:28 INFO  BankMain:166 - 
Please enter the ID of the transfer you wish to accept or reject, or type 'quit' to return to transfer options: 
2020-01-01 09:13:31 INFO  BankMain:171 - Would you like to accept or reject Transfer 1009?
2020-01-01 09:13:31 INFO  BankMain:172 - 	ID: 1009
2020-01-01 09:13:31 INFO  BankMain:173 - 	Amount: 9
2020-01-01 09:13:31 INFO  BankMain:174 - 	Transferring User: tee
2020-01-01 09:13:31 INFO  BankMain:175 - Please type 'accept', 'reject' or 'back' to return to the transfer list.
2020-01-01 09:13:33 INFO  BankMain:192 - Transfer rejected! Returning to transfer options.
2020-01-01 09:13:33 INFO  BankMain:219 - Returning to transfer options.
2020-01-01 09:13:33 INFO  BankMain:112 - Transfer options: 
2020-01-01 09:13:33 INFO  BankMain:113 - 	1. Post a transfer to another account
2020-01-01 09:13:33 INFO  BankMain:114 - 	2. View and approve incoming transfers
2020-01-01 09:13:33 INFO  BankMain:115 - 	3. Return to customer options
2020-01-01 09:13:37 ERROR BankMain:208 - There are no pending offers for you.
2020-01-01 09:13:37 INFO  BankMain:219 - Returning to transfer options.
2020-01-01 09:13:37 INFO  BankMain:112 - Transfer options: 
2020-01-01 09:13:37 INFO  BankMain:113 - 	1. Post a transfer to another account
2020-01-01 09:13:37 INFO  BankMain:114 - 	2. View and approve incoming transfers
2020-01-01 09:13:37 INFO  BankMain:115 - 	3. Return to customer options
2020-01-01 09:13:40 INFO  BankMain:212 - Returning to customer options.

2020-01-01 09:13:40 INFO  BankMain:424 - Returning to customer options
2020-01-01 09:13:40 INFO  BankMain:30 - Customer options:
2020-01-01 09:13:40 INFO  BankMain:31 - 	1. Apply for a new account
2020-01-01 09:13:40 INFO  BankMain:32 - 	2. View an account's balance
2020-01-01 09:13:40 INFO  BankMain:33 - 	3. Withdraw from an account
2020-01-01 09:13:40 INFO  BankMain:34 - 	4. Deposit to an account
2020-01-01 09:13:40 INFO  BankMain:35 - 	5. Transfer center
2020-01-01 09:13:40 INFO  BankMain:36 - 	6. Back to user options
2020-01-01 09:13:43 INFO  BankMain:415 - Returning to user options
2020-01-01 09:13:43 INFO  BankMain:40 - User Options: 
2020-01-01 09:13:43 INFO  BankMain:47 - 	1. Customer options
2020-01-01 09:13:43 INFO  BankMain:51 - 	2. Employee options
2020-01-01 09:13:43 INFO  BankMain:54 - 	3. Quit
2020-01-01 09:13:44 INFO  BankMain:22 - Employee Options:
2020-01-01 09:13:44 INFO  BankMain:23 - 	1. Account approval and rejection
2020-01-01 09:13:44 INFO  BankMain:24 - 	2. View a customer's bank accounts
2020-01-01 09:13:44 INFO  BankMain:25 - 	3. Log of transactions
2020-01-01 09:13:44 INFO  BankMain:26 - 	4. Back to user options
2020-01-01 09:13:46 INFO  BankMain:89 - Please select the account you wish to approve or reject, or type 'quit' to return to employee options: 
2020-01-01 09:13:46 INFO  BankMain:91 - 	1020: 2020test
2020-01-01 09:13:50 INFO  BankMain:438 - Would you like to approve or reject Account 2020test?
2020-01-01 09:13:50 INFO  BankMain:439 - 	ID: 1020
2020-01-01 09:13:50 INFO  BankMain:440 - 	Starting Balance: 2020
2020-01-01 09:13:50 INFO  BankMain:441 - Please type 'approve', 'reject', or 'back' to return to employee options.
2020-01-01 09:13:54 INFO  BankMain:446 - Account 1020 approved.

2020-01-01 09:13:54 INFO  BankMain:560 - Returning to employee options.

2020-01-01 09:13:54 INFO  BankMain:22 - Employee Options:
2020-01-01 09:13:54 INFO  BankMain:23 - 	1. Account approval and rejection
2020-01-01 09:13:54 INFO  BankMain:24 - 	2. View a customer's bank accounts
2020-01-01 09:13:54 INFO  BankMain:25 - 	3. Log of transactions
2020-01-01 09:13:54 INFO  BankMain:26 - 	4. Back to user options
2020-01-01 09:13:56 INFO  BankMain:506 - Please select the customer whose accounts you wish to view or 'quit': 
2020-01-01 09:13:56 INFO  BankMain:508 - 	1: tee
2020-01-01 09:13:56 INFO  BankMain:508 - 	1000: s
2020-01-01 09:13:58 INFO  BankMain:514 - 
Displaying bank accounts for customer 1
2020-01-01 09:13:58 INFO  BankMain:516 - 	1006: callable		Balance: 410
2020-01-01 09:13:58 INFO  BankMain:516 - 	1005: new		Balance: 420
2020-01-01 09:13:58 INFO  BankMain:516 - 	1004: test		Balance: 404
2020-01-01 09:13:58 INFO  BankMain:516 - 	1002: please		Balance: 130
2020-01-01 09:13:58 INFO  BankMain:516 - 	1000: test		Balance: 59
2020-01-01 09:13:58 INFO  BankMain:516 - 	1020: 2020test		Balance: 2020
2020-01-01 09:13:58 INFO  BankMain:522 - Please select the customer whose accounts you wish to view or 'quit': 
2020-01-01 09:13:58 INFO  BankMain:524 - 	1: tee
2020-01-01 09:13:58 INFO  BankMain:524 - 	1000: s
2020-01-01 09:14:05 INFO  BankMain:560 - Returning to employee options.

2020-01-01 09:14:05 INFO  BankMain:22 - Employee Options:
2020-01-01 09:14:05 INFO  BankMain:23 - 	1. Account approval and rejection
2020-01-01 09:14:05 INFO  BankMain:24 - 	2. View a customer's bank accounts
2020-01-01 09:14:05 INFO  BankMain:25 - 	3. Log of transactions
2020-01-01 09:14:05 INFO  BankMain:26 - 	4. Back to user options
2020-01-01 09:14:08 INFO  BankMain:535 - Transaction log: 
2020-01-01 09:14:08 INFO  BankMain:536 - 	Transaction ID	Transaction Date	Transaction Type	Amount	Account 1 ID	 Account 2 ID
2020-01-01 09:14:08 INFO  BankMain:542 - 	 1006 	 2019-12-30 	 withdrawal 	 9 	 1006 	 null
2020-01-01 09:14:08 INFO  BankMain:542 - 	 1001 	 2019-12-28 	 deposit 	 10 	 1002 	 null
2020-01-01 09:14:08 INFO  BankMain:542 - 	 1002 	 2019-12-28 	 withdrawal 	 20 	 1002 	 null
2020-01-01 09:14:08 INFO  BankMain:542 - 	 1007 	 2019-12-30 	 deposit 	 9 	 1006 	 null
2020-01-01 09:14:08 INFO  BankMain:542 - 	 1011 	 2019-12-31 	 TRANSFER 	 10 	 1000 	 1005
2020-01-01 09:14:08 INFO  BankMain:542 - 	 1013 	 2019-12-31 	 transfer 	 10 	 1005 	 1000
2020-01-01 09:14:08 INFO  BankMain:542 - 	 1014 	 2019-12-31 	 transfer 	 30 	 1000 	 1002
2020-01-01 09:14:08 INFO  BankMain:542 - 	 1003 	 2019-12-29 	 deposit 	 99 	 1000 	 null
2020-01-01 09:14:08 INFO  BankMain:542 - 	 1004 	 2019-12-30 	 withdrawal 	 9 	 1006 	 null
2020-01-01 09:14:08 INFO  BankMain:542 - 	 1005 	 2019-12-30 	 deposit 	 9 	 1006 	 null
2020-01-01 09:14:08 INFO  BankMain:542 - 	 1008 	 2019-12-30 	 withdrawal 	 9 	 1006 	 null
2020-01-01 09:14:08 INFO  BankMain:542 - 	 1009 	 2019-12-30 	 deposit 	 9 	 1006 	 null
2020-01-01 09:14:08 INFO  BankMain:542 - 	 1015 	 2020-01-01 	 withdrawal 	 9 	 1006 	 null
2020-01-01 09:14:08 INFO  BankMain:542 - 	 1016 	 2020-01-01 	 deposit 	 9 	 1006 	 null
2020-01-01 09:14:08 INFO  BankMain:542 - 	 1017 	 2020-01-01 	 transfer 	 9 	 1006 	 1000
2020-01-01 09:14:08 INFO  BankMain:542 - 	 1010 	 2019-12-31 	 deposit 	 100 	 1007 	 null
2020-01-01 09:14:08 INFO  BankMain:544 - 

2020-01-01 09:14:08 INFO  BankMain:560 - Returning to employee options.

2020-01-01 09:14:08 INFO  BankMain:22 - Employee Options:
2020-01-01 09:14:08 INFO  BankMain:23 - 	1. Account approval and rejection
2020-01-01 09:14:08 INFO  BankMain:24 - 	2. View a customer's bank accounts
2020-01-01 09:14:08 INFO  BankMain:25 - 	3. Log of transactions
2020-01-01 09:14:08 INFO  BankMain:26 - 	4. Back to user options
2020-01-01 09:14:23 INFO  BankMain:551 - Returning to user options
2020-01-01 09:14:23 INFO  BankMain:40 - User Options: 
2020-01-01 09:14:23 INFO  BankMain:47 - 	1. Customer options
2020-01-01 09:14:23 INFO  BankMain:51 - 	2. Employee options
2020-01-01 09:14:23 INFO  BankMain:54 - 	3. Quit
2020-01-01 09:14:24 INFO  BankMain:30 - Customer options:
2020-01-01 09:14:24 INFO  BankMain:31 - 	1. Apply for a new account
2020-01-01 09:14:24 INFO  BankMain:32 - 	2. View an account's balance
2020-01-01 09:14:24 INFO  BankMain:33 - 	3. Withdraw from an account
2020-01-01 09:14:24 INFO  BankMain:34 - 	4. Deposit to an account
2020-01-01 09:14:24 INFO  BankMain:35 - 	5. Transfer center
2020-01-01 09:14:24 INFO  BankMain:36 - 	6. Back to user options
2020-01-01 09:14:25 INFO  BankMain:230 - Please enter the name of your new account or 'quit' to return to customer options: 
2020-01-01 09:14:27 INFO  BankMain:234 - Please enter the starting balance of the account or 'quit' to return to customer options: 
2020-01-01 09:14:28 INFO  BankMain:246 - Account has been sent for approval by an employee.

2020-01-01 09:14:28 INFO  BankMain:424 - Returning to customer options
2020-01-01 09:14:28 INFO  BankMain:30 - Customer options:
2020-01-01 09:14:28 INFO  BankMain:31 - 	1. Apply for a new account
2020-01-01 09:14:28 INFO  BankMain:32 - 	2. View an account's balance
2020-01-01 09:14:28 INFO  BankMain:33 - 	3. Withdraw from an account
2020-01-01 09:14:28 INFO  BankMain:34 - 	4. Deposit to an account
2020-01-01 09:14:28 INFO  BankMain:35 - 	5. Transfer center
2020-01-01 09:14:28 INFO  BankMain:36 - 	6. Back to user options
2020-01-01 09:14:29 INFO  BankMain:415 - Returning to user options
2020-01-01 09:14:29 INFO  BankMain:40 - User Options: 
2020-01-01 09:14:29 INFO  BankMain:47 - 	1. Customer options
2020-01-01 09:14:29 INFO  BankMain:51 - 	2. Employee options
2020-01-01 09:14:29 INFO  BankMain:54 - 	3. Quit
2020-01-01 09:14:30 INFO  BankMain:22 - Employee Options:
2020-01-01 09:14:30 INFO  BankMain:23 - 	1. Account approval and rejection
2020-01-01 09:14:30 INFO  BankMain:24 - 	2. View a customer's bank accounts
2020-01-01 09:14:30 INFO  BankMain:25 - 	3. Log of transactions
2020-01-01 09:14:30 INFO  BankMain:26 - 	4. Back to user options
2020-01-01 09:14:31 INFO  BankMain:89 - Please select the account you wish to approve or reject, or type 'quit' to return to employee options: 
2020-01-01 09:14:31 INFO  BankMain:91 - 	1021: sdfj
2020-01-01 09:14:33 INFO  BankMain:438 - Would you like to approve or reject Account sdfj?
2020-01-01 09:14:33 INFO  BankMain:439 - 	ID: 1021
2020-01-01 09:14:33 INFO  BankMain:440 - 	Starting Balance: 23
2020-01-01 09:14:33 INFO  BankMain:441 - Please type 'approve', 'reject', or 'back' to return to employee options.
2020-01-01 09:14:36 INFO  BankMain:452 - Account 1021 rejected.

2020-01-01 09:14:36 INFO  BankMain:560 - Returning to employee options.

2020-01-01 09:14:36 INFO  BankMain:22 - Employee Options:
2020-01-01 09:14:36 INFO  BankMain:23 - 	1. Account approval and rejection
2020-01-01 09:14:36 INFO  BankMain:24 - 	2. View a customer's bank accounts
2020-01-01 09:14:36 INFO  BankMain:25 - 	3. Log of transactions
2020-01-01 09:14:36 INFO  BankMain:26 - 	4. Back to user options
2020-01-01 09:14:38 ERROR BankMain:500 - There are no currently pending accounts.
2020-01-01 09:14:38 INFO  BankMain:560 - Returning to employee options.

2020-01-01 09:14:38 INFO  BankMain:22 - Employee Options:
2020-01-01 09:14:38 INFO  BankMain:23 - 	1. Account approval and rejection
2020-01-01 09:14:38 INFO  BankMain:24 - 	2. View a customer's bank accounts
2020-01-01 09:14:38 INFO  BankMain:25 - 	3. Log of transactions
2020-01-01 09:14:38 INFO  BankMain:26 - 	4. Back to user options
2020-01-01 09:14:40 INFO  BankMain:551 - Returning to user options
2020-01-01 09:14:40 INFO  BankMain:40 - User Options: 
2020-01-01 09:14:40 INFO  BankMain:47 - 	1. Customer options
2020-01-01 09:14:40 INFO  BankMain:51 - 	2. Employee options
2020-01-01 09:14:40 INFO  BankMain:54 - 	3. Quit
2020-01-01 09:14:41 INFO  BankMain:30 - Customer options:
2020-01-01 09:14:41 INFO  BankMain:31 - 	1. Apply for a new account
2020-01-01 09:14:41 INFO  BankMain:32 - 	2. View an account's balance
2020-01-01 09:14:41 INFO  BankMain:33 - 	3. Withdraw from an account
2020-01-01 09:14:41 INFO  BankMain:34 - 	4. Deposit to an account
2020-01-01 09:14:41 INFO  BankMain:35 - 	5. Transfer center
2020-01-01 09:14:41 INFO  BankMain:36 - 	6. Back to user options
2020-01-01 09:14:43 INFO  BankMain:89 - Please enter the ID of the account you wish to view or type 'quit' to return to customer options: 
2020-01-01 09:14:43 INFO  BankMain:91 - 	1006: callable
2020-01-01 09:14:43 INFO  BankMain:91 - 	1005: new
2020-01-01 09:14:43 INFO  BankMain:91 - 	1004: test
2020-01-01 09:14:43 INFO  BankMain:91 - 	1002: please
2020-01-01 09:14:43 INFO  BankMain:91 - 	1000: test
2020-01-01 09:14:43 INFO  BankMain:91 - 	1020: 2020test
2020-01-01 09:14:45 INFO  BankMain:276 - Account 1020 with name 2020test has a balance of 2020

2020-01-01 09:14:45 INFO  BankMain:424 - Returning to customer options
2020-01-01 09:14:45 INFO  BankMain:30 - Customer options:
2020-01-01 09:14:45 INFO  BankMain:31 - 	1. Apply for a new account
2020-01-01 09:14:45 INFO  BankMain:32 - 	2. View an account's balance
2020-01-01 09:14:45 INFO  BankMain:33 - 	3. Withdraw from an account
2020-01-01 09:14:45 INFO  BankMain:34 - 	4. Deposit to an account
2020-01-01 09:14:45 INFO  BankMain:35 - 	5. Transfer center
2020-01-01 09:14:45 INFO  BankMain:36 - 	6. Back to user options
2020-01-01 09:14:48 INFO  BankMain:415 - Returning to user options
2020-01-01 09:14:48 INFO  BankMain:40 - User Options: 
2020-01-01 09:14:48 INFO  BankMain:47 - 	1. Customer options
2020-01-01 09:14:48 INFO  BankMain:51 - 	2. Employee options
2020-01-01 09:14:48 INFO  BankMain:54 - 	3. Quit
2020-01-01 09:14:49 INFO  BankMain:614 - Thank you for using Banking App. Please come again soon.
2020-01-01 10:51:46 INFO  BankMain:604 - Welcome to the Banking App
2020-01-01 10:51:46 INFO  BankMain:605 - ---------------------------------
2020-01-01 10:51:46 INFO  BankMain:60 - Please enter your username or 'quit' to exit the application: 
2020-01-01 10:51:49 ERROR BankMain:82 - Username pokdsf not found
2020-01-01 10:51:49 INFO  BankMain:614 - Thank you for using Banking App. Please come again soon.
2020-01-01 10:51:52 INFO  BankMain:604 - Welcome to the Banking App
2020-01-01 10:51:52 INFO  BankMain:605 - ---------------------------------
2020-01-01 10:51:52 INFO  BankMain:60 - Please enter your username or 'quit' to exit the application: 
2020-01-01 10:51:54 INFO  BankMain:68 - Please enter your password or 'quit' to exit the application: 
2020-01-01 10:51:55 INFO  BankMain:78 - Incorrect password. Session terminated.
2020-01-01 10:51:55 INFO  BankMain:40 - User Options: 
2020-01-01 10:51:55 INFO  BankMain:47 - 	1. Customer options
2020-01-01 10:51:55 INFO  BankMain:51 - 	2. Employee options
2020-01-01 10:51:55 INFO  BankMain:54 - 	3. Quit
2020-01-01 10:52:25 INFO  BankMain:605 - Welcome to the Banking App
2020-01-01 10:52:25 INFO  BankMain:606 - ---------------------------------
2020-01-01 10:52:25 INFO  BankMain:60 - Please enter your username or 'quit' to exit the application: 
2020-01-01 10:52:29 INFO  BankMain:68 - Please enter your password or 'quit' to exit the application: 
2020-01-01 10:52:29 INFO  BankMain:78 - Incorrect password. Session terminated.
2020-01-01 10:52:29 INFO  BankMain:615 - Thank you for using Banking App. Please come again soon.
2020-01-01 10:52:32 INFO  BankMain:605 - Welcome to the Banking App
2020-01-01 10:52:32 INFO  BankMain:606 - ---------------------------------
2020-01-01 10:52:32 INFO  BankMain:60 - Please enter your username or 'quit' to exit the application: 
2020-01-01 10:52:34 INFO  BankMain:68 - Please enter your password or 'quit' to exit the application: 
2020-01-01 10:52:35 INFO  BankMain:71 - Welcome, tee
2020-01-01 10:52:35 INFO  BankMain:40 - User Options: 
2020-01-01 10:52:35 INFO  BankMain:47 - 	1. Customer options
2020-01-01 10:52:35 INFO  BankMain:51 - 	2. Employee options
2020-01-01 10:52:35 INFO  BankMain:54 - 	3. Quit
2020-01-01 10:52:36 INFO  BankMain:30 - Customer options:
2020-01-01 10:52:36 INFO  BankMain:31 - 	1. Apply for a new account
2020-01-01 10:52:36 INFO  BankMain:32 - 	2. View an account's balance
2020-01-01 10:52:36 INFO  BankMain:33 - 	3. Withdraw from an account
2020-01-01 10:52:36 INFO  BankMain:34 - 	4. Deposit to an account
2020-01-01 10:52:36 INFO  BankMain:35 - 	5. Transfer center
2020-01-01 10:52:36 INFO  BankMain:36 - 	6. Back to user options
2020-01-01 10:52:37 INFO  BankMain:231 - Please enter the name of your new account or 'quit' to return to customer options: 
2020-01-01 10:52:39 INFO  BankMain:235 - Please enter the starting balance of the account or 'quit' to return to customer options: 
2020-01-01 10:52:40 ERROR BankMain:251 - Please enter a balance of 0 or greater. Returning to customer options.

2020-01-01 10:52:40 INFO  BankMain:425 - Returning to customer options
2020-01-01 10:52:40 INFO  BankMain:30 - Customer options:
2020-01-01 10:52:40 INFO  BankMain:31 - 	1. Apply for a new account
2020-01-01 10:52:40 INFO  BankMain:32 - 	2. View an account's balance
2020-01-01 10:52:40 INFO  BankMain:33 - 	3. Withdraw from an account
2020-01-01 10:52:40 INFO  BankMain:34 - 	4. Deposit to an account
2020-01-01 10:52:40 INFO  BankMain:35 - 	5. Transfer center
2020-01-01 10:52:40 INFO  BankMain:36 - 	6. Back to user options
2020-01-01 10:52:52 INFO  BankMain:90 - Please enter the ID of the account you wish to view or type 'quit' to return to customer options: 
2020-01-01 10:52:52 INFO  BankMain:92 - 	1006: callable
2020-01-01 10:52:52 INFO  BankMain:92 - 	1005: new
2020-01-01 10:52:52 INFO  BankMain:92 - 	1004: test
2020-01-01 10:52:52 INFO  BankMain:92 - 	1002: please
2020-01-01 10:52:52 INFO  BankMain:92 - 	1000: test
2020-01-01 10:52:52 INFO  BankMain:92 - 	1020: 2020test
2020-01-01 10:52:56 ERROR BankMain:98 - Account ID not found. Please enter the name of an account listed.

2020-01-01 10:52:56 INFO  BankMain:103 - Please enter the ID of the account you wish to view or type 'quit' to return to customer options: 
2020-01-01 10:52:56 INFO  BankMain:105 - 	1006: callable
2020-01-01 10:52:56 INFO  BankMain:105 - 	1005: new
2020-01-01 10:52:56 INFO  BankMain:105 - 	1004: test
2020-01-01 10:52:56 INFO  BankMain:105 - 	1002: please
2020-01-01 10:52:56 INFO  BankMain:105 - 	1000: test
2020-01-01 10:52:56 INFO  BankMain:105 - 	1020: 2020test
2020-01-01 10:53:00 ERROR BankMain:98 - Account ID not found. Please enter the name of an account listed.

2020-01-01 10:53:00 INFO  BankMain:103 - Please enter the ID of the account you wish to view or type 'quit' to return to customer options: 
2020-01-01 10:53:00 INFO  BankMain:105 - 	1006: callable
2020-01-01 10:53:00 INFO  BankMain:105 - 	1005: new
2020-01-01 10:53:00 INFO  BankMain:105 - 	1004: test
2020-01-01 10:53:00 INFO  BankMain:105 - 	1002: please
2020-01-01 10:53:00 INFO  BankMain:105 - 	1000: test
2020-01-01 10:53:00 INFO  BankMain:105 - 	1020: 2020test
2020-01-01 10:53:06 INFO  BankMain:615 - Thank you for using Banking App. Please come again soon.
2020-01-01 10:53:18 INFO  BankMain:605 - Welcome to the Banking App
2020-01-01 10:53:18 INFO  BankMain:606 - ---------------------------------
2020-01-01 10:53:18 INFO  BankMain:60 - Please enter your username or 'quit' to exit the application: 
2020-01-01 10:53:20 INFO  BankMain:68 - Please enter your password or 'quit' to exit the application: 
2020-01-01 10:53:21 INFO  BankMain:71 - Welcome, tee
2020-01-01 10:53:21 INFO  BankMain:40 - User Options: 
2020-01-01 10:53:21 INFO  BankMain:47 - 	1. Customer options
2020-01-01 10:53:21 INFO  BankMain:51 - 	2. Employee options
2020-01-01 10:53:21 INFO  BankMain:54 - 	3. Quit
2020-01-01 10:53:22 INFO  BankMain:30 - Customer options:
2020-01-01 10:53:22 INFO  BankMain:31 - 	1. Apply for a new account
2020-01-01 10:53:22 INFO  BankMain:32 - 	2. View an account's balance
2020-01-01 10:53:22 INFO  BankMain:33 - 	3. Withdraw from an account
2020-01-01 10:53:22 INFO  BankMain:34 - 	4. Deposit to an account
2020-01-01 10:53:22 INFO  BankMain:35 - 	5. Transfer center
2020-01-01 10:53:22 INFO  BankMain:36 - 	6. Back to user options
2020-01-01 10:53:23 INFO  BankMain:90 - Please enter the ID of the account you wish to view or type 'quit' to return to customer options: 
2020-01-01 10:53:23 INFO  BankMain:92 - 	1006: callable
2020-01-01 10:53:23 INFO  BankMain:92 - 	1005: new
2020-01-01 10:53:23 INFO  BankMain:92 - 	1004: test
2020-01-01 10:53:23 INFO  BankMain:92 - 	1002: please
2020-01-01 10:53:23 INFO  BankMain:92 - 	1000: test
2020-01-01 10:53:23 INFO  BankMain:92 - 	1020: 2020test
2020-01-01 10:53:25 INFO  BankMain:615 - Thank you for using Banking App. Please come again soon.
2020-01-01 11:03:02 INFO  BankMain:614 - Welcome to the Banking App
2020-01-01 11:03:02 INFO  BankMain:615 - ---------------------------------
2020-01-01 11:03:02 INFO  BankMain:60 - Please enter your username or 'quit' to exit the application: 
2020-01-01 11:03:05 INFO  BankMain:68 - Please enter your password or 'quit' to exit the application: 
2020-01-01 11:03:06 INFO  BankMain:71 - Welcome, tee
2020-01-01 11:03:06 INFO  BankMain:40 - User Options: 
2020-01-01 11:03:06 INFO  BankMain:47 - 	1. Customer options
2020-01-01 11:03:06 INFO  BankMain:51 - 	2. Employee options
2020-01-01 11:03:06 INFO  BankMain:54 - 	3. Quit
2020-01-01 11:03:07 INFO  BankMain:30 - Customer options:
2020-01-01 11:03:07 INFO  BankMain:31 - 	1. Apply for a new account
2020-01-01 11:03:07 INFO  BankMain:32 - 	2. View an account's balance
2020-01-01 11:03:07 INFO  BankMain:33 - 	3. Withdraw from an account
2020-01-01 11:03:07 INFO  BankMain:34 - 	4. Deposit to an account
2020-01-01 11:03:07 INFO  BankMain:35 - 	5. Transfer center
2020-01-01 11:03:07 INFO  BankMain:36 - 	6. Back to user options
2020-01-01 11:03:08 INFO  BankMain:90 - Please enter the ID of the account you wish to view or type 'quit' to return to customer options: 
2020-01-01 11:03:08 INFO  BankMain:92 - 	1006: callable
2020-01-01 11:03:08 INFO  BankMain:92 - 	1005: new
2020-01-01 11:03:08 INFO  BankMain:92 - 	1004: test
2020-01-01 11:03:08 INFO  BankMain:92 - 	1002: please
2020-01-01 11:03:08 INFO  BankMain:92 - 	1000: test
2020-01-01 11:03:08 INFO  BankMain:92 - 	1020: 2020test
2020-01-01 11:03:12 INFO  BankMain:280 - Account 1000 with name test has a balance of 59

2020-01-01 11:03:12 INFO  BankMain:432 - Returning to customer options
2020-01-01 11:03:12 INFO  BankMain:30 - Customer options:
2020-01-01 11:03:12 INFO  BankMain:31 - 	1. Apply for a new account
2020-01-01 11:03:12 INFO  BankMain:32 - 	2. View an account's balance
2020-01-01 11:03:12 INFO  BankMain:33 - 	3. Withdraw from an account
2020-01-01 11:03:12 INFO  BankMain:34 - 	4. Deposit to an account
2020-01-01 11:03:12 INFO  BankMain:35 - 	5. Transfer center
2020-01-01 11:03:12 INFO  BankMain:36 - 	6. Back to user options
2020-01-01 11:03:14 INFO  BankMain:90 - Please enter the ID of the account you wish to view or type 'quit' to return to customer options: 
2020-01-01 11:03:14 INFO  BankMain:92 - 	1006: callable
2020-01-01 11:03:14 INFO  BankMain:92 - 	1005: new
2020-01-01 11:03:14 INFO  BankMain:92 - 	1004: test
2020-01-01 11:03:14 INFO  BankMain:92 - 	1002: please
2020-01-01 11:03:14 INFO  BankMain:92 - 	1000: test
2020-01-01 11:03:14 INFO  BankMain:92 - 	1020: 2020test
2020-01-01 11:03:16 INFO  BankMain:432 - Returning to customer options
2020-01-01 11:03:16 INFO  BankMain:30 - Customer options:
2020-01-01 11:03:16 INFO  BankMain:31 - 	1. Apply for a new account
2020-01-01 11:03:16 INFO  BankMain:32 - 	2. View an account's balance
2020-01-01 11:03:16 INFO  BankMain:33 - 	3. Withdraw from an account
2020-01-01 11:03:16 INFO  BankMain:34 - 	4. Deposit to an account
2020-01-01 11:03:16 INFO  BankMain:35 - 	5. Transfer center
2020-01-01 11:03:16 INFO  BankMain:36 - 	6. Back to user options
2020-01-01 11:03:18 INFO  BankMain:90 - Please enter the ID of the account you wish to withdraw from or type 'quit' to return to customer options: 
2020-01-01 11:03:18 INFO  BankMain:92 - 	1006: callable
2020-01-01 11:03:18 INFO  BankMain:92 - 	1005: new
2020-01-01 11:03:18 INFO  BankMain:92 - 	1004: test
2020-01-01 11:03:18 INFO  BankMain:92 - 	1002: please
2020-01-01 11:03:18 INFO  BankMain:92 - 	1000: test
2020-01-01 11:03:18 INFO  BankMain:92 - 	1020: 2020test
2020-01-01 11:03:21 ERROR BankMain:98 - Account ID not found. Please enter the name of an account listed.

2020-01-01 11:03:21 INFO  BankMain:103 - Please enter the ID of the account you wish to withdraw from or type 'quit' to return to customer options: 
2020-01-01 11:03:21 INFO  BankMain:105 - 	1006: callable
2020-01-01 11:03:21 INFO  BankMain:105 - 	1005: new
2020-01-01 11:03:21 INFO  BankMain:105 - 	1004: test
2020-01-01 11:03:21 INFO  BankMain:105 - 	1002: please
2020-01-01 11:03:21 INFO  BankMain:105 - 	1000: test
2020-01-01 11:03:21 INFO  BankMain:105 - 	1020: 2020test
2020-01-01 11:03:24 INFO  BankMain:291 - Please enter the amount you wish to withdraw from this account or 'quit' to return to customer options: 
2020-01-01 11:03:24 INFO  BankMain:292 - Current balance: 410
2020-01-01 11:03:27 ERROR BankMain:309 - Please enter a number greater than 0.
2020-01-01 11:03:27 INFO  BankMain:432 - Returning to customer options
2020-01-01 11:03:27 INFO  BankMain:30 - Customer options:
2020-01-01 11:03:27 INFO  BankMain:31 - 	1. Apply for a new account
2020-01-01 11:03:27 INFO  BankMain:32 - 	2. View an account's balance
2020-01-01 11:03:27 INFO  BankMain:33 - 	3. Withdraw from an account
2020-01-01 11:03:27 INFO  BankMain:34 - 	4. Deposit to an account
2020-01-01 11:03:27 INFO  BankMain:35 - 	5. Transfer center
2020-01-01 11:03:27 INFO  BankMain:36 - 	6. Back to user options
2020-01-01 11:03:29 INFO  BankMain:90 - Please enter the ID of the account you wish to withdraw from or type 'quit' to return to customer options: 
2020-01-01 11:03:29 INFO  BankMain:92 - 	1006: callable
2020-01-01 11:03:29 INFO  BankMain:92 - 	1005: new
2020-01-01 11:03:29 INFO  BankMain:92 - 	1004: test
2020-01-01 11:03:29 INFO  BankMain:92 - 	1002: please
2020-01-01 11:03:29 INFO  BankMain:92 - 	1000: test
2020-01-01 11:03:29 INFO  BankMain:92 - 	1020: 2020test
2020-01-01 11:03:32 INFO  BankMain:291 - Please enter the amount you wish to withdraw from this account or 'quit' to return to customer options: 
2020-01-01 11:03:32 INFO  BankMain:292 - Current balance: 410
2020-01-01 11:03:38 ERROR BankMain:348 - Please enter an amount less than or equal to the balance on this account.

2020-01-01 11:03:38 INFO  BankMain:432 - Returning to customer options
2020-01-01 11:03:38 INFO  BankMain:30 - Customer options:
2020-01-01 11:03:38 INFO  BankMain:31 - 	1. Apply for a new account
2020-01-01 11:03:38 INFO  BankMain:32 - 	2. View an account's balance
2020-01-01 11:03:38 INFO  BankMain:33 - 	3. Withdraw from an account
2020-01-01 11:03:38 INFO  BankMain:34 - 	4. Deposit to an account
2020-01-01 11:03:38 INFO  BankMain:35 - 	5. Transfer center
2020-01-01 11:03:38 INFO  BankMain:36 - 	6. Back to user options
2020-01-01 11:04:36 INFO  BankMain:90 - Please enter the ID of the account you wish to deposit to or type 'quit' to return to customer options: 
2020-01-01 11:04:36 INFO  BankMain:92 - 	1006: callable
2020-01-01 11:04:36 INFO  BankMain:92 - 	1005: new
2020-01-01 11:04:36 INFO  BankMain:92 - 	1004: test
2020-01-01 11:04:36 INFO  BankMain:92 - 	1002: please
2020-01-01 11:04:36 INFO  BankMain:92 - 	1000: test
2020-01-01 11:04:36 INFO  BankMain:92 - 	1020: 2020test
2020-01-01 11:04:38 ERROR BankMain:98 - Account ID not found. Please enter the name of an account listed.

2020-01-01 11:04:38 INFO  BankMain:103 - Please enter the ID of the account you wish to deposit to or type 'quit' to return to customer options: 
2020-01-01 11:04:38 INFO  BankMain:105 - 	1006: callable
2020-01-01 11:04:38 INFO  BankMain:105 - 	1005: new
2020-01-01 11:04:38 INFO  BankMain:105 - 	1004: test
2020-01-01 11:04:38 INFO  BankMain:105 - 	1002: please
2020-01-01 11:04:38 INFO  BankMain:105 - 	1000: test
2020-01-01 11:04:38 INFO  BankMain:105 - 	1020: 2020test
2020-01-01 11:04:43 INFO  BankMain:357 - Please enter the amount you wish to deposit to this account or 'quit' to return to customer options: 
2020-01-01 11:04:43 INFO  BankMain:358 - Current balance: 130
2020-01-01 11:04:45 INFO  BankMain:368 - Deposit complete! Account 1002 now has a balance of 150

2020-01-01 11:04:45 INFO  BankMain:432 - Returning to customer options
2020-01-01 11:04:45 INFO  BankMain:30 - Customer options:
2020-01-01 11:04:45 INFO  BankMain:31 - 	1. Apply for a new account
2020-01-01 11:04:45 INFO  BankMain:32 - 	2. View an account's balance
2020-01-01 11:04:45 INFO  BankMain:33 - 	3. Withdraw from an account
2020-01-01 11:04:45 INFO  BankMain:34 - 	4. Deposit to an account
2020-01-01 11:04:45 INFO  BankMain:35 - 	5. Transfer center
2020-01-01 11:04:45 INFO  BankMain:36 - 	6. Back to user options
2020-01-01 11:04:49 INFO  BankMain:113 - Transfer options: 
2020-01-01 11:04:49 INFO  BankMain:114 - 	1. Post a transfer to another account
2020-01-01 11:04:49 INFO  BankMain:115 - 	2. View and approve incoming transfers
2020-01-01 11:04:49 INFO  BankMain:116 - 	3. Return to customer options
2020-01-01 11:04:50 INFO  BankMain:90 - Please enter the ID of the account you wish to transfer from or type 'quit' to return to transfer options: 
2020-01-01 11:04:50 INFO  BankMain:92 - 	1006: callable
2020-01-01 11:04:50 INFO  BankMain:92 - 	1005: new
2020-01-01 11:04:50 INFO  BankMain:92 - 	1004: test
2020-01-01 11:04:50 INFO  BankMain:92 - 	1002: please
2020-01-01 11:04:50 INFO  BankMain:92 - 	1000: test
2020-01-01 11:04:50 INFO  BankMain:92 - 	1020: 2020test
2020-01-01 11:04:52 ERROR BankMain:98 - Account ID not found. Please enter the name of an account listed.

2020-01-01 11:04:52 INFO  BankMain:103 - Please enter the ID of the account you wish to transfer from or type 'quit' to return to transfer options: 
2020-01-01 11:04:52 INFO  BankMain:105 - 	1006: callable
2020-01-01 11:04:52 INFO  BankMain:105 - 	1005: new
2020-01-01 11:04:52 INFO  BankMain:105 - 	1004: test
2020-01-01 11:04:52 INFO  BankMain:105 - 	1002: please
2020-01-01 11:04:52 INFO  BankMain:105 - 	1000: test
2020-01-01 11:04:52 INFO  BankMain:105 - 	1020: 2020test
2020-01-01 11:04:55 INFO  BankMain:126 - 
Please enter the ID of the account you wish to transfer to or 'quit' to return to transfer options: 
2020-01-01 11:04:55 INFO  BankMain:128 - 	1007: transfertest	User ID: 1000
2020-01-01 11:04:55 INFO  BankMain:128 - 	1006: callable	User ID: 1
2020-01-01 11:04:55 INFO  BankMain:128 - 	1005: new	User ID: 1
2020-01-01 11:04:55 INFO  BankMain:128 - 	1004: test	User ID: 1
2020-01-01 11:04:55 INFO  BankMain:128 - 	1002: please	User ID: 1
2020-01-01 11:04:55 INFO  BankMain:128 - 	1000: test	User ID: 1
2020-01-01 11:04:55 INFO  BankMain:128 - 	1020: 2020test	User ID: 1
2020-01-01 11:05:05 INFO  BankMain:137 - Please enter the amount you wish to transfer from Account 1000 to Account 1006: 
2020-01-01 11:05:05 INFO  BankMain:138 - Account 1000 balance: 59
2020-01-01 11:05:12 INFO  BankMain:141 - Transfer posted and sent to customer 1 for approval.
2020-01-01 11:05:12 INFO  BankMain:220 - Returning to transfer options.
2020-01-01 11:05:12 INFO  BankMain:113 - Transfer options: 
2020-01-01 11:05:12 INFO  BankMain:114 - 	1. Post a transfer to another account
2020-01-01 11:05:12 INFO  BankMain:115 - 	2. View and approve incoming transfers
2020-01-01 11:05:12 INFO  BankMain:116 - 	3. Return to customer options
2020-01-01 11:05:15 INFO  BankMain:90 - Please enter the ID of the account you wish to transfer from or type 'quit' to return to transfer options: 
2020-01-01 11:05:15 INFO  BankMain:92 - 	1006: callable
2020-01-01 11:05:15 INFO  BankMain:92 - 	1005: new
2020-01-01 11:05:15 INFO  BankMain:92 - 	1004: test
2020-01-01 11:05:15 INFO  BankMain:92 - 	1002: please
2020-01-01 11:05:15 INFO  BankMain:92 - 	1000: test
2020-01-01 11:05:15 INFO  BankMain:92 - 	1020: 2020test
2020-01-01 11:05:18 INFO  BankMain:126 - 
Please enter the ID of the account you wish to transfer to or 'quit' to return to transfer options: 
2020-01-01 11:05:18 INFO  BankMain:128 - 	1007: transfertest	User ID: 1000
2020-01-01 11:05:18 INFO  BankMain:128 - 	1006: callable	User ID: 1
2020-01-01 11:05:18 INFO  BankMain:128 - 	1005: new	User ID: 1
2020-01-01 11:05:18 INFO  BankMain:128 - 	1004: test	User ID: 1
2020-01-01 11:05:18 INFO  BankMain:128 - 	1002: please	User ID: 1
2020-01-01 11:05:18 INFO  BankMain:128 - 	1000: test	User ID: 1
2020-01-01 11:05:18 INFO  BankMain:128 - 	1020: 2020test	User ID: 1
2020-01-01 11:05:22 INFO  BankMain:220 - Returning to transfer options.
2020-01-01 11:05:22 INFO  BankMain:113 - Transfer options: 
2020-01-01 11:05:22 INFO  BankMain:114 - 	1. Post a transfer to another account
2020-01-01 11:05:22 INFO  BankMain:115 - 	2. View and approve incoming transfers
2020-01-01 11:05:22 INFO  BankMain:116 - 	3. Return to customer options
2020-01-01 11:07:55 INFO  BankMain:616 - Welcome to the Banking App
2020-01-01 11:07:55 INFO  BankMain:617 - ---------------------------------
2020-01-01 11:07:55 INFO  BankMain:60 - Please enter your username or 'quit' to exit the application: 
2020-01-01 11:07:58 INFO  BankMain:68 - Please enter your password or 'quit' to exit the application: 
2020-01-01 11:07:59 INFO  BankMain:71 - Welcome, tee
2020-01-01 11:07:59 INFO  BankMain:40 - User Options: 
2020-01-01 11:07:59 INFO  BankMain:47 - 	1. Customer options
2020-01-01 11:07:59 INFO  BankMain:51 - 	2. Employee options
2020-01-01 11:07:59 INFO  BankMain:54 - 	3. Quit
2020-01-01 11:08:01 INFO  BankMain:30 - Customer options:
2020-01-01 11:08:01 INFO  BankMain:31 - 	1. Apply for a new account
2020-01-01 11:08:01 INFO  BankMain:32 - 	2. View an account's balance
2020-01-01 11:08:01 INFO  BankMain:33 - 	3. Withdraw from an account
2020-01-01 11:08:01 INFO  BankMain:34 - 	4. Deposit to an account
2020-01-01 11:08:01 INFO  BankMain:35 - 	5. Transfer center
2020-01-01 11:08:01 INFO  BankMain:36 - 	6. Back to user options
2020-01-01 11:08:03 INFO  BankMain:113 - Transfer options: 
2020-01-01 11:08:03 INFO  BankMain:114 - 	1. Post a transfer to another account
2020-01-01 11:08:03 INFO  BankMain:115 - 	2. View and approve incoming transfers
2020-01-01 11:08:03 INFO  BankMain:116 - 	3. Return to customer options
2020-01-01 11:08:05 INFO  BankMain:90 - Please enter the ID of the account you wish to transfer from or type 'quit' to return to transfer options: 
2020-01-01 11:08:05 INFO  BankMain:92 - 	1006: callable
2020-01-01 11:08:05 INFO  BankMain:92 - 	1005: new
2020-01-01 11:08:05 INFO  BankMain:92 - 	1004: test
2020-01-01 11:08:05 INFO  BankMain:92 - 	1002: please
2020-01-01 11:08:05 INFO  BankMain:92 - 	1000: test
2020-01-01 11:08:05 INFO  BankMain:92 - 	1020: 2020test
2020-01-01 11:08:07 INFO  BankMain:222 - Returning to transfer options.
2020-01-01 11:08:07 INFO  BankMain:113 - Transfer options: 
2020-01-01 11:08:07 INFO  BankMain:114 - 	1. Post a transfer to another account
2020-01-01 11:08:07 INFO  BankMain:115 - 	2. View and approve incoming transfers
2020-01-01 11:08:07 INFO  BankMain:116 - 	3. Return to customer options
2020-01-01 11:08:12 INFO  BankMain:90 - Please enter the ID of the account you wish to transfer from or type 'quit' to return to transfer options: 
2020-01-01 11:08:12 INFO  BankMain:92 - 	1006: callable
2020-01-01 11:08:12 INFO  BankMain:92 - 	1005: new
2020-01-01 11:08:12 INFO  BankMain:92 - 	1004: test
2020-01-01 11:08:12 INFO  BankMain:92 - 	1002: please
2020-01-01 11:08:12 INFO  BankMain:92 - 	1000: test
2020-01-01 11:08:12 INFO  BankMain:92 - 	1020: 2020test
2020-01-01 11:08:15 INFO  BankMain:128 - 
Please enter the ID of the account you wish to transfer to or 'quit' to return to transfer options: 
2020-01-01 11:08:15 INFO  BankMain:130 - 	1007: transfertest	User ID: 1000
2020-01-01 11:08:15 INFO  BankMain:130 - 	1006: callable	User ID: 1
2020-01-01 11:08:15 INFO  BankMain:130 - 	1005: new	User ID: 1
2020-01-01 11:08:15 INFO  BankMain:130 - 	1004: test	User ID: 1
2020-01-01 11:08:15 INFO  BankMain:130 - 	1002: please	User ID: 1
2020-01-01 11:08:15 INFO  BankMain:130 - 	1000: test	User ID: 1
2020-01-01 11:08:15 INFO  BankMain:130 - 	1020: 2020test	User ID: 1
2020-01-01 11:08:18 INFO  BankMain:139 - Please enter the amount you wish to transfer from Account 1020 to Account 1007: 
2020-01-01 11:08:18 INFO  BankMain:140 - Account 1020 balance: 2020
2020-01-01 11:08:24 ERROR BankMain:158 - Please enter an amount less than or equal to account 1020's balance.
2020-01-01 11:08:24 INFO  BankMain:222 - Returning to transfer options.
2020-01-01 11:08:24 INFO  BankMain:113 - Transfer options: 
2020-01-01 11:08:24 INFO  BankMain:114 - 	1. Post a transfer to another account
2020-01-01 11:08:24 INFO  BankMain:115 - 	2. View and approve incoming transfers
2020-01-01 11:08:24 INFO  BankMain:116 - 	3. Return to customer options
2020-01-01 11:09:06 INFO  BankMain:90 - Please enter the ID of the account you wish to transfer from or type 'quit' to return to transfer options: 
2020-01-01 11:09:06 INFO  BankMain:92 - 	1006: callable
2020-01-01 11:09:06 INFO  BankMain:92 - 	1005: new
2020-01-01 11:09:06 INFO  BankMain:92 - 	1004: test
2020-01-01 11:09:06 INFO  BankMain:92 - 	1002: please
2020-01-01 11:09:06 INFO  BankMain:92 - 	1000: test
2020-01-01 11:09:06 INFO  BankMain:92 - 	1020: 2020test
2020-01-01 11:10:41 INFO  BankMain:222 - Returning to transfer options.
2020-01-01 11:10:41 INFO  BankMain:113 - Transfer options: 
2020-01-01 11:10:41 INFO  BankMain:114 - 	1. Post a transfer to another account
2020-01-01 11:10:41 INFO  BankMain:115 - 	2. View and approve incoming transfers
2020-01-01 11:10:41 INFO  BankMain:116 - 	3. Return to customer options
2020-01-01 11:10:43 INFO  BankMain:164 - Displaying all pending transfers to your accounts: 
2020-01-01 11:10:43 INFO  BankMain:165 - 	Transfer ID	Transfer Amount		Transferring User
2020-01-01 11:10:43 INFO  BankMain:167 - 	1010	9	tee
2020-01-01 11:10:43 INFO  BankMain:169 - 
Please enter the ID of the transfer you wish to accept or reject, or type 'quit' to return to transfer options: 
2020-01-01 11:12:44 ERROR BankMain:205 - Transfer ID not found. Please enter the ID of a transfer listed.
2020-01-01 11:12:44 INFO  BankMain:222 - Returning to transfer options.
2020-01-01 11:12:44 INFO  BankMain:113 - Transfer options: 
2020-01-01 11:12:44 INFO  BankMain:114 - 	1. Post a transfer to another account
2020-01-01 11:12:44 INFO  BankMain:115 - 	2. View and approve incoming transfers
2020-01-01 11:12:44 INFO  BankMain:116 - 	3. Return to customer options
2020-01-01 11:12:46 INFO  BankMain:164 - Displaying all pending transfers to your accounts: 
2020-01-01 11:12:46 INFO  BankMain:165 - 	Transfer ID	Transfer Amount		Transferring User
2020-01-01 11:12:46 INFO  BankMain:167 - 	1010	9	tee
2020-01-01 11:12:46 INFO  BankMain:169 - 
Please enter the ID of the transfer you wish to accept or reject, or type 'quit' to return to transfer options: 
2020-01-01 11:12:49 ERROR BankMain:205 - Transfer ID not found. Please enter the ID of a transfer listed.
2020-01-01 11:12:49 INFO  BankMain:222 - Returning to transfer options.
2020-01-01 11:12:49 INFO  BankMain:113 - Transfer options: 
2020-01-01 11:12:49 INFO  BankMain:114 - 	1. Post a transfer to another account
2020-01-01 11:12:49 INFO  BankMain:115 - 	2. View and approve incoming transfers
2020-01-01 11:12:49 INFO  BankMain:116 - 	3. Return to customer options
2020-01-01 11:12:51 INFO  BankMain:164 - Displaying all pending transfers to your accounts: 
2020-01-01 11:12:51 INFO  BankMain:165 - 	Transfer ID	Transfer Amount		Transferring User
2020-01-01 11:12:51 INFO  BankMain:167 - 	1010	9	tee
2020-01-01 11:12:51 INFO  BankMain:169 - 
Please enter the ID of the transfer you wish to accept or reject, or type 'quit' to return to transfer options: 
2020-01-01 11:12:55 INFO  BankMain:174 - Would you like to accept or reject Transfer 1010?
2020-01-01 11:12:55 INFO  BankMain:175 - 	ID: 1010
2020-01-01 11:12:55 INFO  BankMain:176 - 	Amount: 9
2020-01-01 11:12:55 INFO  BankMain:177 - 	Transferring User: tee
2020-01-01 11:12:55 INFO  BankMain:178 - Please type 'accept', 'reject' or 'back' to return to the transfer list.
2020-01-01 11:13:02 INFO  BankMain:222 - Returning to transfer options.
2020-01-01 11:13:02 INFO  BankMain:113 - Transfer options: 
2020-01-01 11:13:02 INFO  BankMain:114 - 	1. Post a transfer to another account
2020-01-01 11:13:02 INFO  BankMain:115 - 	2. View and approve incoming transfers
2020-01-01 11:13:02 INFO  BankMain:116 - 	3. Return to customer options
2020-01-01 11:13:04 INFO  BankMain:164 - Displaying all pending transfers to your accounts: 
2020-01-01 11:13:04 INFO  BankMain:165 - 	Transfer ID	Transfer Amount		Transferring User
2020-01-01 11:13:04 INFO  BankMain:167 - 	1010	9	tee
2020-01-01 11:13:04 INFO  BankMain:169 - 
Please enter the ID of the transfer you wish to accept or reject, or type 'quit' to return to transfer options: 
2020-01-01 11:13:06 INFO  BankMain:174 - Would you like to accept or reject Transfer 1010?
2020-01-01 11:13:06 INFO  BankMain:175 - 	ID: 1010
2020-01-01 11:13:06 INFO  BankMain:176 - 	Amount: 9
2020-01-01 11:13:06 INFO  BankMain:177 - 	Transferring User: tee
2020-01-01 11:13:06 INFO  BankMain:178 - Please type 'accept', 'reject' or 'back' to return to the transfer list.
2020-01-01 11:13:09 INFO  BankMain:186 - Transfer accepted!
2020-01-01 11:13:09 INFO  BankMain:222 - Returning to transfer options.
2020-01-01 11:13:09 INFO  BankMain:113 - Transfer options: 
2020-01-01 11:13:09 INFO  BankMain:114 - 	1. Post a transfer to another account
2020-01-01 11:13:09 INFO  BankMain:115 - 	2. View and approve incoming transfers
2020-01-01 11:13:09 INFO  BankMain:116 - 	3. Return to customer options
2020-01-01 11:13:10 INFO  BankMain:215 - Returning to customer options.

2020-01-01 11:13:10 INFO  BankMain:434 - Returning to customer options
2020-01-01 11:13:10 INFO  BankMain:30 - Customer options:
2020-01-01 11:13:10 INFO  BankMain:31 - 	1. Apply for a new account
2020-01-01 11:13:10 INFO  BankMain:32 - 	2. View an account's balance
2020-01-01 11:13:10 INFO  BankMain:33 - 	3. Withdraw from an account
2020-01-01 11:13:10 INFO  BankMain:34 - 	4. Deposit to an account
2020-01-01 11:13:10 INFO  BankMain:35 - 	5. Transfer center
2020-01-01 11:13:10 INFO  BankMain:36 - 	6. Back to user options
2020-01-01 11:13:12 INFO  BankMain:425 - Returning to user options
2020-01-01 11:13:12 INFO  BankMain:40 - User Options: 
2020-01-01 11:13:12 INFO  BankMain:47 - 	1. Customer options
2020-01-01 11:13:12 INFO  BankMain:51 - 	2. Employee options
2020-01-01 11:13:12 INFO  BankMain:54 - 	3. Quit
2020-01-01 11:13:15 INFO  BankMain:22 - Employee Options:
2020-01-01 11:13:15 INFO  BankMain:23 - 	1. Account approval and rejection
2020-01-01 11:13:15 INFO  BankMain:24 - 	2. View a customer's bank accounts
2020-01-01 11:13:15 INFO  BankMain:25 - 	3. Log of transactions
2020-01-01 11:13:15 INFO  BankMain:26 - 	4. Back to user options
2020-01-01 11:13:16 ERROR BankMain:512 - There are no currently pending accounts.
2020-01-01 11:13:16 INFO  BankMain:572 - Returning to employee options.

2020-01-01 11:13:16 INFO  BankMain:22 - Employee Options:
2020-01-01 11:13:16 INFO  BankMain:23 - 	1. Account approval and rejection
2020-01-01 11:13:16 INFO  BankMain:24 - 	2. View a customer's bank accounts
2020-01-01 11:13:16 INFO  BankMain:25 - 	3. Log of transactions
2020-01-01 11:13:16 INFO  BankMain:26 - 	4. Back to user options
2020-01-01 11:13:19 INFO  BankMain:518 - Please select the customer whose accounts you wish to view or 'quit': 
2020-01-01 11:13:19 INFO  BankMain:520 - 	1: tee
2020-01-01 11:13:19 INFO  BankMain:520 - 	1000: s
2020-01-01 11:13:21 INFO  BankMain:532 - 
Customer ID not found. Please enter the ID of a customer listed.

2020-01-01 11:13:21 INFO  BankMain:534 - Please select the customer whose accounts you wish to view or 'quit': 
2020-01-01 11:13:21 INFO  BankMain:536 - 	1: tee
2020-01-01 11:13:21 INFO  BankMain:536 - 	1000: s
2020-01-01 11:13:23 INFO  BankMain:572 - Returning to employee options.

2020-01-01 11:13:23 INFO  BankMain:22 - Employee Options:
2020-01-01 11:13:23 INFO  BankMain:23 - 	1. Account approval and rejection
2020-01-01 11:13:23 INFO  BankMain:24 - 	2. View a customer's bank accounts
2020-01-01 11:13:23 INFO  BankMain:25 - 	3. Log of transactions
2020-01-01 11:13:23 INFO  BankMain:26 - 	4. Back to user options
2020-01-01 11:13:56 INFO  BankMain:547 - Transaction log: 
2020-01-01 11:13:56 INFO  BankMain:548 - 	Transaction ID	Transaction Date	Transaction Type	Amount	Account 1 ID	 Account 2 ID
2020-01-01 11:13:56 INFO  BankMain:554 - 	 1006 	 2019-12-30 	 withdrawal 	 9 	 1006 	 null
2020-01-01 11:13:56 INFO  BankMain:554 - 	 1001 	 2019-12-28 	 deposit 	 10 	 1002 	 null
2020-01-01 11:13:56 INFO  BankMain:554 - 	 1002 	 2019-12-28 	 withdrawal 	 20 	 1002 	 null
2020-01-01 11:13:56 INFO  BankMain:554 - 	 1007 	 2019-12-30 	 deposit 	 9 	 1006 	 null
2020-01-01 11:13:56 INFO  BankMain:554 - 	 1011 	 2019-12-31 	 TRANSFER 	 10 	 1000 	 1005
2020-01-01 11:13:56 INFO  BankMain:554 - 	 1013 	 2019-12-31 	 transfer 	 10 	 1005 	 1000
2020-01-01 11:13:56 INFO  BankMain:554 - 	 1014 	 2019-12-31 	 transfer 	 30 	 1000 	 1002
2020-01-01 11:13:56 INFO  BankMain:554 - 	 1003 	 2019-12-29 	 deposit 	 99 	 1000 	 null
2020-01-01 11:13:56 INFO  BankMain:554 - 	 1004 	 2019-12-30 	 withdrawal 	 9 	 1006 	 null
2020-01-01 11:13:56 INFO  BankMain:554 - 	 1005 	 2019-12-30 	 deposit 	 9 	 1006 	 null
2020-01-01 11:13:56 INFO  BankMain:554 - 	 1008 	 2019-12-30 	 withdrawal 	 9 	 1006 	 null
2020-01-01 11:13:56 INFO  BankMain:554 - 	 1009 	 2019-12-30 	 deposit 	 9 	 1006 	 null
2020-01-01 11:13:56 INFO  BankMain:554 - 	 1015 	 2020-01-01 	 withdrawal 	 9 	 1006 	 null
2020-01-01 11:13:56 INFO  BankMain:554 - 	 1016 	 2020-01-01 	 deposit 	 9 	 1006 	 null
2020-01-01 11:13:56 INFO  BankMain:554 - 	 1017 	 2020-01-01 	 transfer 	 9 	 1006 	 1000
2020-01-01 11:13:56 INFO  BankMain:554 - 	 1018 	 2020-01-01 	 deposit 	 20 	 1002 	 null
2020-01-01 11:13:56 INFO  BankMain:554 - 	 1019 	 2020-01-01 	 transfer 	 9 	 1000 	 1006
2020-01-01 11:13:56 INFO  BankMain:554 - 	 1010 	 2019-12-31 	 deposit 	 100 	 1007 	 null
2020-01-01 11:13:56 INFO  BankMain:556 - 

2020-01-01 11:13:56 INFO  BankMain:572 - Returning to employee options.

2020-01-01 11:13:56 INFO  BankMain:22 - Employee Options:
2020-01-01 11:13:56 INFO  BankMain:23 - 	1. Account approval and rejection
2020-01-01 11:13:56 INFO  BankMain:24 - 	2. View a customer's bank accounts
2020-01-01 11:13:56 INFO  BankMain:25 - 	3. Log of transactions
2020-01-01 11:13:56 INFO  BankMain:26 - 	4. Back to user options
2020-01-01 11:14:02 INFO  BankMain:563 - Returning to user options
2020-01-01 11:14:02 INFO  BankMain:40 - User Options: 
2020-01-01 11:14:02 INFO  BankMain:47 - 	1. Customer options
2020-01-01 11:14:02 INFO  BankMain:51 - 	2. Employee options
2020-01-01 11:14:02 INFO  BankMain:54 - 	3. Quit
2020-01-01 11:14:03 INFO  BankMain:626 - Thank you for using Banking App. Please come again soon.
2020-01-01 11:16:00 INFO  BankMain:616 - Welcome to the Banking App
2020-01-01 11:16:00 INFO  BankMain:617 - ---------------------------------
2020-01-01 11:16:00 INFO  BankMain:60 - Please enter your username or 'quit' to exit the application: 
2020-01-01 11:16:02 INFO  BankMain:68 - Please enter your password or 'quit' to exit the application: 
2020-01-01 11:16:04 INFO  BankMain:71 - Welcome, tee
2020-01-01 11:16:04 INFO  BankMain:40 - User Options: 
2020-01-01 11:16:04 INFO  BankMain:47 - 	1. Customer options
2020-01-01 11:16:04 INFO  BankMain:51 - 	2. Employee options
2020-01-01 11:16:04 INFO  BankMain:54 - 	3. Quit
2020-01-01 11:16:06 INFO  BankMain:22 - Employee Options:
2020-01-01 11:16:06 INFO  BankMain:23 - 	1. Account approval and rejection
2020-01-01 11:16:06 INFO  BankMain:24 - 	2. View a customer's bank accounts
2020-01-01 11:16:06 INFO  BankMain:25 - 	3. Log of transactions
2020-01-01 11:16:06 INFO  BankMain:26 - 	4. Back to user options
2020-01-01 11:16:07 INFO  BankMain:547 - Transaction log: 
2020-01-01 11:16:07 INFO  BankMain:548 - 	Transaction ID	Transaction Date	Transaction Type	Amount	Account 1 ID	 Account 2 ID
2020-01-01 11:16:07 INFO  BankMain:554 - 	 1001 	 2019-12-28 	 deposit 	 10 	 1002 	 null
2020-01-01 11:16:07 INFO  BankMain:554 - 	 1002 	 2019-12-28 	 withdrawal 	 20 	 1002 	 null
2020-01-01 11:16:07 INFO  BankMain:554 - 	 1003 	 2019-12-29 	 deposit 	 99 	 1000 	 null
2020-01-01 11:16:07 INFO  BankMain:554 - 	 1004 	 2019-12-30 	 withdrawal 	 9 	 1006 	 null
2020-01-01 11:16:07 INFO  BankMain:554 - 	 1005 	 2019-12-30 	 deposit 	 9 	 1006 	 null
2020-01-01 11:16:07 INFO  BankMain:554 - 	 1006 	 2019-12-30 	 withdrawal 	 9 	 1006 	 null
2020-01-01 11:16:07 INFO  BankMain:554 - 	 1007 	 2019-12-30 	 deposit 	 9 	 1006 	 null
2020-01-01 11:16:07 INFO  BankMain:554 - 	 1008 	 2019-12-30 	 withdrawal 	 9 	 1006 	 null
2020-01-01 11:16:07 INFO  BankMain:554 - 	 1009 	 2019-12-30 	 deposit 	 9 	 1006 	 null
2020-01-01 11:16:07 INFO  BankMain:554 - 	 1010 	 2019-12-31 	 deposit 	 100 	 1007 	 null
2020-01-01 11:16:07 INFO  BankMain:554 - 	 1011 	 2019-12-31 	 TRANSFER 	 10 	 1000 	 1005
2020-01-01 11:16:07 INFO  BankMain:554 - 	 1013 	 2019-12-31 	 transfer 	 10 	 1005 	 1000
2020-01-01 11:16:07 INFO  BankMain:554 - 	 1014 	 2019-12-31 	 transfer 	 30 	 1000 	 1002
2020-01-01 11:16:07 INFO  BankMain:554 - 	 1015 	 2020-01-01 	 withdrawal 	 9 	 1006 	 null
2020-01-01 11:16:07 INFO  BankMain:554 - 	 1016 	 2020-01-01 	 deposit 	 9 	 1006 	 null
2020-01-01 11:16:07 INFO  BankMain:554 - 	 1017 	 2020-01-01 	 transfer 	 9 	 1006 	 1000
2020-01-01 11:16:07 INFO  BankMain:554 - 	 1018 	 2020-01-01 	 deposit 	 20 	 1002 	 null
2020-01-01 11:16:07 INFO  BankMain:554 - 	 1019 	 2020-01-01 	 transfer 	 9 	 1000 	 1006
2020-01-01 11:16:07 INFO  BankMain:556 - 

2020-01-01 11:16:07 INFO  BankMain:572 - Returning to employee options.

2020-01-01 11:16:07 INFO  BankMain:22 - Employee Options:
2020-01-01 11:16:07 INFO  BankMain:23 - 	1. Account approval and rejection
2020-01-01 11:16:07 INFO  BankMain:24 - 	2. View a customer's bank accounts
2020-01-01 11:16:07 INFO  BankMain:25 - 	3. Log of transactions
2020-01-01 11:16:07 INFO  BankMain:26 - 	4. Back to user options
2020-01-01 11:44:44 INFO  BankMain:563 - Returning to user options
2020-01-01 11:44:44 INFO  BankMain:40 - User Options: 
2020-01-01 11:44:44 INFO  BankMain:47 - 	1. Customer options
2020-01-01 11:44:44 INFO  BankMain:51 - 	2. Employee options
2020-01-01 11:44:44 INFO  BankMain:54 - 	3. Quit
2020-01-01 11:44:45 INFO  BankMain:626 - Thank you for using Banking App. Please come again soon.
2020-01-01 12:18:13 INFO  BankMain:600 - Welcome to the Banking App
2020-01-01 12:18:13 INFO  BankMain:601 - ---------------------------------
2020-01-01 12:18:13 INFO  BankMain:60 - Please enter your username or 'quit' to exit the application: 
2020-01-01 12:18:15 INFO  BankMain:68 - Please enter your password or 'quit' to exit the application: 
2020-01-01 12:18:16 INFO  BankMain:71 - Welcome, tee
2020-01-01 12:18:16 INFO  BankMain:40 - User Options: 
2020-01-01 12:18:16 INFO  BankMain:47 - 	1. Customer options
2020-01-01 12:18:16 INFO  BankMain:51 - 	2. Employee options
2020-01-01 12:18:16 INFO  BankMain:54 - 	3. Quit
2020-01-01 12:18:17 INFO  BankMain:30 - Customer options:
2020-01-01 12:18:17 INFO  BankMain:31 - 	1. Apply for a new account
2020-01-01 12:18:17 INFO  BankMain:32 - 	2. View an account's balance
2020-01-01 12:18:17 INFO  BankMain:33 - 	3. Withdraw from an account
2020-01-01 12:18:17 INFO  BankMain:34 - 	4. Deposit to an account
2020-01-01 12:18:17 INFO  BankMain:35 - 	5. Transfer center
2020-01-01 12:18:17 INFO  BankMain:36 - 	6. Back to user options
2020-01-01 12:18:18 INFO  BankMain:233 - Please enter the name of your new account or 'quit' to return to customer options: 
2020-01-01 12:18:24 INFO  BankMain:237 - Please enter the starting balance of the account or 'quit' to return to customer options: 
2020-01-01 12:18:26 INFO  UserBOImpl:43 - Account has been sent for approval by an employee.

2020-01-01 12:18:26 INFO  BankMain:418 - Returning to customer options
2020-01-01 12:18:26 INFO  BankMain:30 - Customer options:
2020-01-01 12:18:26 INFO  BankMain:31 - 	1. Apply for a new account
2020-01-01 12:18:26 INFO  BankMain:32 - 	2. View an account's balance
2020-01-01 12:18:26 INFO  BankMain:33 - 	3. Withdraw from an account
2020-01-01 12:18:26 INFO  BankMain:34 - 	4. Deposit to an account
2020-01-01 12:18:26 INFO  BankMain:35 - 	5. Transfer center
2020-01-01 12:18:26 INFO  BankMain:36 - 	6. Back to user options
2020-01-01 12:18:29 INFO  BankMain:409 - Returning to user options
2020-01-01 12:18:29 INFO  BankMain:40 - User Options: 
2020-01-01 12:18:29 INFO  BankMain:47 - 	1. Customer options
2020-01-01 12:18:29 INFO  BankMain:51 - 	2. Employee options
2020-01-01 12:18:29 INFO  BankMain:54 - 	3. Quit
2020-01-01 12:18:30 INFO  BankMain:22 - Employee Options:
2020-01-01 12:18:30 INFO  BankMain:23 - 	1. Account approval and rejection
2020-01-01 12:18:30 INFO  BankMain:24 - 	2. View a customer's bank accounts
2020-01-01 12:18:30 INFO  BankMain:25 - 	3. Log of transactions
2020-01-01 12:18:30 INFO  BankMain:26 - 	4. Back to user options
2020-01-01 12:18:30 INFO  BankMain:90 - Please select the account you wish to approve or reject, or type 'quit' to return to employee options: 
2020-01-01 12:18:30 INFO  BankMain:92 - 	1022: pop
2020-01-01 12:18:32 INFO  BankMain:434 - Would you like to approve or reject Account pop?
2020-01-01 12:18:32 INFO  BankMain:435 - 	ID: 1022
2020-01-01 12:18:32 INFO  BankMain:436 - 	Starting Balance: 2012
2020-01-01 12:18:32 INFO  BankMain:437 - Please type 'approve', 'reject', or 'back' to return to employee options.
2020-01-01 12:18:34 INFO  BankMain:442 - Account 1022 approved.

2020-01-01 12:18:34 INFO  BankMain:556 - Returning to employee options.

2020-01-01 12:18:34 INFO  BankMain:22 - Employee Options:
2020-01-01 12:18:34 INFO  BankMain:23 - 	1. Account approval and rejection
2020-01-01 12:18:34 INFO  BankMain:24 - 	2. View a customer's bank accounts
2020-01-01 12:18:34 INFO  BankMain:25 - 	3. Log of transactions
2020-01-01 12:18:34 INFO  BankMain:26 - 	4. Back to user options
2020-01-01 12:18:36 INFO  BankMain:547 - Returning to user options
2020-01-01 12:18:36 INFO  BankMain:40 - User Options: 
2020-01-01 12:18:36 INFO  BankMain:47 - 	1. Customer options
2020-01-01 12:18:36 INFO  BankMain:51 - 	2. Employee options
2020-01-01 12:18:36 INFO  BankMain:54 - 	3. Quit
2020-01-01 12:18:37 INFO  BankMain:30 - Customer options:
2020-01-01 12:18:37 INFO  BankMain:31 - 	1. Apply for a new account
2020-01-01 12:18:37 INFO  BankMain:32 - 	2. View an account's balance
2020-01-01 12:18:37 INFO  BankMain:33 - 	3. Withdraw from an account
2020-01-01 12:18:37 INFO  BankMain:34 - 	4. Deposit to an account
2020-01-01 12:18:37 INFO  BankMain:35 - 	5. Transfer center
2020-01-01 12:18:37 INFO  BankMain:36 - 	6. Back to user options
2020-01-01 12:18:39 INFO  BankMain:90 - Please enter the ID of the account you wish to view or type 'quit' to return to customer options: 
2020-01-01 12:18:39 INFO  BankMain:92 - 	1006: callable
2020-01-01 12:18:39 INFO  BankMain:92 - 	1005: new
2020-01-01 12:18:39 INFO  BankMain:92 - 	1004: test
2020-01-01 12:18:39 INFO  BankMain:92 - 	1002: please
2020-01-01 12:18:39 INFO  BankMain:92 - 	1000: test
2020-01-01 12:18:39 INFO  BankMain:92 - 	1022: pop
2020-01-01 12:18:39 INFO  BankMain:92 - 	1020: 2020test
2020-01-01 12:18:41 INFO  BankMain:266 - Account 1022 with name pop has a balance of 2012

2020-01-01 12:18:41 INFO  BankMain:418 - Returning to customer options
2020-01-01 12:18:41 INFO  BankMain:30 - Customer options:
2020-01-01 12:18:41 INFO  BankMain:31 - 	1. Apply for a new account
2020-01-01 12:18:41 INFO  BankMain:32 - 	2. View an account's balance
2020-01-01 12:18:41 INFO  BankMain:33 - 	3. Withdraw from an account
2020-01-01 12:18:41 INFO  BankMain:34 - 	4. Deposit to an account
2020-01-01 12:18:41 INFO  BankMain:35 - 	5. Transfer center
2020-01-01 12:18:41 INFO  BankMain:36 - 	6. Back to user options
2020-01-01 12:18:44 INFO  BankMain:409 - Returning to user options
2020-01-01 12:18:44 INFO  BankMain:40 - User Options: 
2020-01-01 12:18:44 INFO  BankMain:47 - 	1. Customer options
2020-01-01 12:18:44 INFO  BankMain:51 - 	2. Employee options
2020-01-01 12:18:44 INFO  BankMain:54 - 	3. Quit
2020-01-01 12:18:45 INFO  BankMain:610 - Thank you for using Banking App. Please come again soon.
2020-01-01 13:06:40 ERROR UserBOImpl:99 - There are no currently pending accounts.
2020-01-01 13:54:42 ERROR UserBOImpl:31 - Username InvalidUsername not found
2020-01-01 13:55:01 ERROR UserBOImpl:31 - Username InvalidUsername not found
2020-01-01 17:40:59 ERROR UserBOImpl:33 - Username InvalidUsername not found
2020-01-01 17:44:11 ERROR UserBOImpl:33 - Username InvalidUsername not found
2020-01-01 17:46:28 ERROR UserBOImpl:33 - Username InvalidUsername not found
2020-01-01 20:28:53 ERROR UserBOImpl:33 - Username InvalidUsername not found
2020-01-01 20:28:53 ERROR UserBOImpl:142 - You have no open accounts yet.
2020-01-01 20:31:34 ERROR UserBOImpl:33 - Username InvalidUsername not found
2020-01-01 20:31:34 ERROR UserBOImpl:142 - You have no open accounts yet.
